TN:
SF:src\app.ts
FN:43,(anonymous_1)
FN:66,(anonymous_2)
FN:78,(anonymous_3)
FN:81,(anonymous_4)
FN:148,(anonymous_5)
FN:175,(anonymous_6)
FN:190,(anonymous_7)
FN:226,(anonymous_8)
FN:248,(anonymous_9)
FN:253,(anonymous_10)
FNF:10
FNH:0
FNDA:0,(anonymous_1)
FNDA:0,(anonymous_2)
FNDA:0,(anonymous_3)
FNDA:0,(anonymous_4)
FNDA:0,(anonymous_5)
FNDA:0,(anonymous_6)
FNDA:0,(anonymous_7)
FNDA:0,(anonymous_8)
FNDA:0,(anonymous_9)
FNDA:0,(anonymous_10)
DA:1,0
DA:2,0
DA:3,0
DA:4,0
DA:5,0
DA:6,0
DA:7,0
DA:8,0
DA:9,0
DA:10,0
DA:11,0
DA:12,0
DA:13,0
DA:14,0
DA:15,0
DA:16,0
DA:17,0
DA:18,0
DA:19,0
DA:20,0
DA:21,0
DA:22,0
DA:23,0
DA:24,0
DA:25,0
DA:26,0
DA:27,0
DA:28,0
DA:29,0
DA:30,0
DA:31,0
DA:32,0
DA:33,0
DA:35,0
DA:43,0
DA:45,0
DA:46,0
DA:49,0
DA:52,0
DA:55,0
DA:58,0
DA:62,0
DA:66,0
DA:68,0
DA:69,0
DA:72,0
DA:74,0
DA:78,0
DA:80,0
DA:83,0
DA:86,0
DA:89,0
DA:92,0
DA:95,0
DA:98,0
DA:101,0
DA:104,0
DA:107,0
DA:108,0
DA:111,0
DA:114,0
DA:117,0
DA:120,0
DA:123,0
DA:128,0
DA:132,0
DA:149,0
DA:158,0
DA:176,0
DA:186,0
DA:187,0
DA:190,0
DA:191,0
DA:193,0
DA:194,0
DA:195,0
DA:197,0
DA:198,0
DA:199,0
DA:202,0
DA:205,0
DA:211,0
DA:213,0
DA:214,0
DA:215,0
DA:216,0
DA:217,0
DA:219,0
DA:220,0
DA:221,0
DA:226,0
DA:227,0
DA:229,0
DA:231,0
DA:232,0
DA:234,0
DA:235,0
DA:236,0
DA:238,0
DA:239,0
DA:244,0
DA:245,0
DA:248,0
DA:249,0
DA:253,0
DA:254,0
DA:255,0
DA:259,0
DA:260,0
DA:263,0
DA:264,0
LF:111
LH:0
BRDA:259,0,0,0
BRF:1
BRH:0
end_of_record
TN:
SF:src\config\config.ts
FN:131,(anonymous_0)
FN:145,(anonymous_1)
FN:163,(anonymous_2)
FN:177,(anonymous_3)
FN:185,(anonymous_4)
FN:191,(anonymous_5)
FN:294,(anonymous_6)
FNF:7
FNH:0
FNDA:0,(anonymous_0)
FNDA:0,(anonymous_1)
FNDA:0,(anonymous_2)
FNDA:0,(anonymous_3)
FNDA:0,(anonymous_4)
FNDA:0,(anonymous_5)
FNDA:0,(anonymous_6)
DA:7,0
DA:10,0
DA:131,0
DA:132,0
DA:133,0
DA:134,0
DA:135,0
DA:137,0
DA:139,0
DA:145,0
DA:146,0
DA:147,0
DA:148,0
DA:149,0
DA:151,0
DA:153,0
DA:154,0
DA:155,0
DA:157,0
DA:163,0
DA:164,0
DA:165,0
DA:166,0
DA:167,0
DA:169,0
DA:171,0
DA:177,0
DA:178,0
DA:179,0
DA:180,0
DA:181,0
DA:183,0
DA:185,0
DA:191,0
DA:294,0
DA:296,0
DA:303,0
DA:304,0
DA:305,0
DA:310,0
DA:311,0
DA:315,0
DA:316,0
DA:320,0
DA:321,0
DA:322,0
DA:324,0
DA:325,0
DA:327,0
DA:328,0
DA:333,0
DA:334,0
DA:337,0
DA:338,0
DA:343,0
DA:344,0
DA:347,0
DA:350,0
DA:351,0
DA:352,0
DA:353,0
DA:354,0
DA:355,0
DA:356,0
DA:357,0
DA:358,0
DA:359,0
DA:360,0
DA:361,0
DA:362,0
DA:363,0
LF:71
LH:0
BRDA:133,0,0,0
BRDA:134,1,0,0
BRDA:147,2,0,0
BRDA:148,3,0,0
BRDA:154,4,0,0
BRDA:165,5,0,0
BRDA:166,6,0,0
BRDA:179,7,0,0
BRDA:180,8,0,0
BRDA:304,9,0,0
BRDA:310,10,0,0
BRDA:315,11,0,0
BRDA:320,12,0,0
BRDA:321,13,0,0
BRDA:324,14,0,0
BRDA:327,15,0,0
BRDA:333,16,0,0
BRDA:333,17,0,0
BRDA:333,17,1,0
BRDA:337,18,0,0
BRDA:337,19,0,0
BRDA:337,19,1,0
BRF:22
BRH:0
end_of_record
TN:
SF:src\config\env.validation.ts
FN:188,(anonymous_1)
FN:195,(anonymous_2)
FN:204,(anonymous_3)
FN:218,(anonymous_4)
FN:253,(anonymous_5)
FN:265,(anonymous_6)
FN:278,(anonymous_7)
FN:292,(anonymous_8)
FN:300,(anonymous_9)
FNF:9
FNH:0
FNDA:0,(anonymous_1)
FNDA:0,(anonymous_2)
FNDA:0,(anonymous_3)
FNDA:0,(anonymous_4)
FNDA:0,(anonymous_5)
FNDA:0,(anonymous_6)
FNDA:0,(anonymous_7)
FNDA:0,(anonymous_8)
FNDA:0,(anonymous_9)
DA:1,0
DA:2,0
DA:8,0
DA:188,0
DA:189,0
DA:194,0
DA:195,0
DA:201,0
DA:203,0
DA:204,0
DA:205,0
DA:207,0
DA:209,0
DA:212,0
DA:218,0
DA:219,0
DA:220,0
DA:223,0
DA:224,0
DA:227,0
DA:228,0
DA:232,0
DA:233,0
DA:236,0
DA:237,0
DA:241,0
DA:242,0
DA:246,0
DA:247,0
DA:251,0
DA:252,0
DA:253,0
DA:254,0
DA:256,0
DA:257,0
DA:265,0
DA:266,0
DA:276,0
DA:278,0
DA:279,0
DA:280,0
DA:282,0
DA:286,0
DA:292,0
DA:293,0
DA:294,0
DA:300,0
DA:301,0
DA:303,0
DA:304,0
DA:305,0
DA:306,0
DA:307,0
DA:308,0
DA:309,0
DA:310,0
DA:311,0
DA:312,0
DA:314,0
DA:317,0
LF:60
LH:0
BRDA:194,0,0,0
BRDA:219,1,0,0
BRDA:223,2,0,0
BRDA:227,3,0,0
BRDA:232,4,0,0
BRDA:236,5,0,0
BRDA:241,6,0,0
BRDA:246,7,0,0
BRDA:251,8,0,0
BRDA:279,9,0,0
BRDA:292,10,0,0
BRDA:308,11,0,0
BRDA:308,11,1,0
BRDA:311,12,0,0
BRDA:311,12,1,0
BRF:15
BRH:0
end_of_record
TN:
SF:src\config\security.config.ts
FN:77,(anonymous_1)
FN:136,(anonymous_2)
FN:162,(anonymous_3)
FN:172,(anonymous_4)
FN:186,(anonymous_5)
FN:195,(anonymous_6)
FN:206,(anonymous_7)
FN:211,(anonymous_8)
FN:219,(anonymous_9)
FN:227,(anonymous_10)
FN:238,(anonymous_11)
FN:246,(anonymous_12)
FNF:12
FNH:0
FNDA:0,(anonymous_1)
FNDA:0,(anonymous_2)
FNDA:0,(anonymous_3)
FNDA:0,(anonymous_4)
FNDA:0,(anonymous_5)
FNDA:0,(anonymous_6)
FNDA:0,(anonymous_7)
FNDA:0,(anonymous_8)
FNDA:0,(anonymous_9)
FNDA:0,(anonymous_10)
FNDA:0,(anonymous_11)
FNDA:0,(anonymous_12)
DA:4,0
DA:10,0
DA:76,0
DA:79,0
DA:80,0
DA:81,0
DA:85,0
DA:88,0
DA:89,0
DA:91,0
DA:128,0
DA:136,0
DA:164,0
DA:165,0
DA:168,0
DA:173,0
DA:183,0
DA:187,0
DA:188,0
DA:192,0
DA:196,0
DA:197,0
DA:204,0
DA:207,0
DA:212,0
DA:218,0
DA:219,0
DA:220,0
DA:223,0
DA:228,0
DA:237,0
DA:238,0
DA:239,0
DA:242,0
DA:247,0
DA:249,0
DA:250,0
DA:251,0
DA:252,0
DA:254,0
DA:261,0
DA:289,0
DA:309,0
DA:335,0
DA:364,0
DA:393,0
DA:394,0
DA:395,0
DA:396,0
DA:397,0
DA:398,0
DA:399,0
DA:400,0
DA:401,0
DA:402,0
DA:403,0
DA:407,0
DA:421,0
LF:58
LH:0
BRDA:79,0,0,0
BRDA:88,1,0,0
BRDA:88,1,1,0
BRDA:88,2,0,0
BRDA:88,2,1,0
BRDA:164,3,0,0
BRDA:184,4,0,0
BRDA:184,4,1,0
BRDA:188,5,0,0
BRDA:188,5,1,0
BRDA:193,6,0,0
BRDA:193,6,1,0
BRDA:197,7,0,0
BRDA:197,7,1,0
BRDA:247,8,0,0
BRDA:247,9,0,0
BRDA:247,9,1,0
BRF:17
BRH:0
end_of_record
TN:
SF:src\config\swagger.config.ts
FN:286,(anonymous_0)
FN:289,(anonymous_1)
FN:294,(anonymous_2)
FN:295,(anonymous_3)
FNF:4
FNH:0
FNDA:0,(anonymous_0)
FNDA:0,(anonymous_1)
FNDA:0,(anonymous_2)
FNDA:0,(anonymous_3)
DA:4,0
DA:272,0
DA:287,0
DA:290,0
DA:294,0
DA:296,0
LF:6
LH:0
BRF:0
BRH:0
end_of_record
TN:
SF:src\controllers\achievement.controller.ts
FN:8,(anonymous_1)
FN:20,(anonymous_2)
FN:32,(anonymous_3)
FN:54,(anonymous_4)
FNF:4
FNH:0
FNDA:0,(anonymous_1)
FNDA:0,(anonymous_2)
FNDA:0,(anonymous_3)
FNDA:0,(anonymous_4)
DA:2,0
DA:3,0
DA:4,0
DA:5,0
DA:7,0
DA:9,0
DA:10,0
DA:12,0
DA:13,0
DA:15,0
DA:16,0
DA:21,0
DA:22,0
DA:24,0
DA:25,0
DA:27,0
DA:28,0
DA:33,0
DA:34,0
DA:35,0
DA:37,0
DA:38,0
DA:41,0
DA:43,0
DA:44,0
DA:47,0
DA:49,0
DA:50,0
DA:55,0
DA:56,0
DA:58,0
DA:59,0
DA:61,0
DA:62,0
DA:67,0
LF:35
LH:0
BRDA:37,0,0,0
BRDA:37,1,0,0
BRDA:37,1,1,0
BRDA:43,2,0,0
BRF:4
BRH:0
end_of_record
TN:
SF:src\controllers\allocation.controller.ts
FN:7,(anonymous_0)
FN:30,(anonymous_1)
FN:42,(anonymous_2)
FN:67,(anonymous_3)
FN:94,(anonymous_4)
FN:104,(anonymous_5)
FN:115,(anonymous_6)
FN:126,(anonymous_7)
FN:137,(anonymous_8)
FNF:9
FNH:0
FNDA:0,(anonymous_0)
FNDA:0,(anonymous_1)
FNDA:0,(anonymous_2)
FNDA:0,(anonymous_3)
FNDA:0,(anonymous_4)
FNDA:0,(anonymous_5)
FNDA:0,(anonymous_6)
FNDA:0,(anonymous_7)
FNDA:0,(anonymous_8)
DA:2,0
DA:3,0
DA:4,0
DA:6,0
DA:8,0
DA:10,0
DA:11,0
DA:17,0
DA:18,0
DA:20,0
DA:31,0
DA:33,0
DA:34,0
DA:36,0
DA:43,0
DA:44,0
DA:46,0
DA:47,0
DA:54,0
DA:60,0
DA:68,0
DA:70,0
DA:72,0
DA:73,0
DA:74,0
DA:81,0
DA:87,0
DA:95,0
DA:96,0
DA:97,0
DA:98,0
DA:100,0
DA:105,0
DA:106,0
DA:107,0
DA:108,0
DA:109,0
DA:111,0
DA:116,0
DA:117,0
DA:118,0
DA:119,0
DA:120,0
DA:122,0
DA:127,0
DA:128,0
DA:129,0
DA:130,0
DA:131,0
DA:133,0
DA:138,0
DA:139,0
DA:140,0
DA:141,0
DA:142,0
DA:144,0
LF:56
LH:0
BRDA:10,0,0,0
BRF:1
BRH:0
end_of_record
TN:
SF:src\controllers\auth.controller.ts
FN:15,(anonymous_1)
FN:58,(anonymous_2)
FN:105,(anonymous_3)
FN:134,(anonymous_4)
FN:174,(anonymous_5)
FN:206,(anonymous_6)
FN:233,(anonymous_7)
FN:268,(anonymous_8)
FN:300,(anonymous_9)
FN:335,(anonymous_10)
FN:368,(anonymous_11)
FN:408,(anonymous_12)
FN:437,(anonymous_13)
FN:468,(anonymous_14)
FN:502,(anonymous_15)
FNF:15
FNH:0
FNDA:0,(anonymous_1)
FNDA:0,(anonymous_2)
FNDA:0,(anonymous_3)
FNDA:0,(anonymous_4)
FNDA:0,(anonymous_5)
FNDA:0,(anonymous_6)
FNDA:0,(anonymous_7)
FNDA:0,(anonymous_8)
FNDA:0,(anonymous_9)
FNDA:0,(anonymous_10)
FNDA:0,(anonymous_11)
FNDA:0,(anonymous_12)
FNDA:0,(anonymous_13)
FNDA:0,(anonymous_14)
FNDA:0,(anonymous_15)
DA:2,0
DA:3,0
DA:4,0
DA:5,0
DA:6,0
DA:7,0
DA:10,0
DA:16,0
DA:17,0
DA:23,0
DA:25,0
DA:31,0
DA:35,0
DA:42,0
DA:44,0
DA:48,0
DA:59,0
DA:60,0
DA:69,0
DA:71,0
DA:77,0
DA:82,0
DA:89,0
DA:91,0
DA:95,0
DA:106,0
DA:107,0
DA:112,0
DA:114,0
DA:118,0
DA:122,0
DA:124,0
DA:135,0
DA:136,0
DA:142,0
DA:144,0
DA:150,0
DA:154,0
DA:158,0
DA:160,0
DA:164,0
DA:175,0
DA:176,0
DA:180,0
DA:182,0
DA:188,0
DA:190,0
DA:194,0
DA:196,0
DA:207,0
DA:208,0
DA:209,0
DA:213,0
DA:215,0
DA:217,0
DA:221,0
DA:223,0
DA:234,0
DA:235,0
DA:239,0
DA:241,0
DA:247,0
DA:249,0
DA:256,0
DA:258,0
DA:269,0
DA:270,0
DA:276,0
DA:282,0
DA:284,0
DA:288,0
DA:290,0
DA:301,0
DA:302,0
DA:306,0
DA:308,0
DA:314,0
DA:316,0
DA:323,0
DA:325,0
DA:336,0
DA:337,0
DA:343,0
DA:349,0
DA:351,0
DA:355,0
DA:357,0
DA:369,0
DA:370,0
DA:375,0
DA:377,0
DA:384,0
DA:389,0
DA:396,0
DA:398,0
DA:409,0
DA:410,0
DA:413,0
DA:421,0
DA:425,0
DA:427,0
DA:438,0
DA:439,0
DA:444,0
DA:446,0
DA:448,0
DA:455,0
DA:457,0
DA:458,0
DA:469,0
DA:470,0
DA:476,0
DA:477,0
DA:482,0
DA:484,0
DA:486,0
DA:490,0
DA:492,0
DA:503,0
DA:504,0
DA:506,0
DA:507,0
DA:512,0
DA:514,0
DA:518,0
DA:520,0
DA:527,0
LF:127
LH:0
BRDA:44,0,0,0
BRDA:44,0,1,0
BRDA:44,1,0,0
BRDA:44,1,1,0
BRDA:91,2,0,0
BRDA:91,2,1,0
BRDA:160,3,0,0
BRDA:160,3,1,0
BRDA:457,4,0,0
BRDA:457,4,1,0
BRDA:476,5,0,0
BRDA:476,6,0,0
BRDA:476,6,1,0
BRDA:476,6,2,0
BRDA:506,7,0,0
BRF:15
BRH:0
end_of_record
TN:
SF:src\controllers\budget.controller.ts
FN:8,(anonymous_1)
FN:21,(anonymous_2)
FN:34,(anonymous_3)
FN:47,(anonymous_4)
FN:61,(anonymous_5)
FN:74,(anonymous_6)
FN:87,(anonymous_7)
FNF:7
FNH:0
FNDA:0,(anonymous_1)
FNDA:0,(anonymous_2)
FNDA:0,(anonymous_3)
FNDA:0,(anonymous_4)
FNDA:0,(anonymous_5)
FNDA:0,(anonymous_6)
FNDA:0,(anonymous_7)
DA:2,0
DA:3,0
DA:4,0
DA:5,0
DA:7,0
DA:9,0
DA:10,0
DA:11,0
DA:13,0
DA:14,0
DA:16,0
DA:17,0
DA:22,0
DA:23,0
DA:24,0
DA:26,0
DA:27,0
DA:29,0
DA:30,0
DA:35,0
DA:36,0
DA:37,0
DA:39,0
DA:40,0
DA:42,0
DA:43,0
DA:48,0
DA:49,0
DA:50,0
DA:51,0
DA:53,0
DA:54,0
DA:56,0
DA:57,0
DA:62,0
DA:63,0
DA:64,0
DA:66,0
DA:67,0
DA:69,0
DA:70,0
DA:75,0
DA:76,0
DA:77,0
DA:79,0
DA:80,0
DA:82,0
DA:83,0
DA:88,0
DA:89,0
DA:91,0
DA:92,0
DA:94,0
DA:95,0
DA:100,0
LF:55
LH:0
BRDA:17,0,0,0
BRDA:17,0,1,0
BRDA:17,1,0,0
BRDA:17,1,1,0
BRDA:43,2,0,0
BRDA:43,2,1,0
BRDA:57,3,0,0
BRDA:57,3,1,0
BRDA:70,4,0,0
BRDA:70,4,1,0
BRDA:83,5,0,0
BRDA:83,5,1,0
BRF:12
BRH:0
end_of_record
TN:
SF:src\controllers\commitment.controller.ts
FN:7,(anonymous_1)
FN:29,(anonymous_2)
FN:70,(anonymous_3)
FN:104,(anonymous_4)
FN:139,(anonymous_5)
FNF:5
FNH:0
FNDA:0,(anonymous_1)
FNDA:0,(anonymous_2)
FNDA:0,(anonymous_3)
FNDA:0,(anonymous_4)
FNDA:0,(anonymous_5)
DA:2,0
DA:3,0
DA:4,0
DA:6,0
DA:8,0
DA:9,0
DA:11,0
DA:12,0
DA:17,0
DA:22,0
DA:30,0
DA:31,0
DA:33,0
DA:34,0
DA:35,0
DA:37,0
DA:51,0
DA:53,0
DA:63,0
DA:71,0
DA:72,0
DA:74,0
DA:75,0
DA:85,0
DA:86,0
DA:92,0
DA:97,0
DA:105,0
DA:106,0
DA:107,0
DA:109,0
DA:110,0
DA:114,0
DA:115,0
DA:121,0
DA:126,0
DA:132,0
DA:140,0
DA:141,0
DA:143,0
DA:144,0
DA:148,0
DA:149,0
DA:156,0
DA:163,0
DA:169,0
LF:46
LH:0
BRDA:24,0,0,0
BRDA:24,0,1,0
BRDA:31,1,0,0
BRDA:31,2,0,0
BRDA:35,3,0,0
BRDA:85,4,0,0
BRDA:114,5,0,0
BRDA:148,6,0,0
BRF:8
BRH:0
end_of_record
TN:
SF:src\controllers\cycle.controller.ts
FN:7,(anonymous_0)
FN:24,(anonymous_1)
FN:43,(anonymous_2)
FN:68,(anonymous_3)
FNF:4
FNH:0
FNDA:0,(anonymous_0)
FNDA:0,(anonymous_1)
FNDA:0,(anonymous_2)
FNDA:0,(anonymous_3)
DA:2,0
DA:3,0
DA:4,0
DA:6,0
DA:8,0
DA:9,0
DA:11,0
DA:12,0
DA:18,0
DA:25,0
DA:26,0
DA:28,0
DA:29,0
DA:35,0
DA:37,0
DA:44,0
DA:45,0
DA:47,0
DA:48,0
DA:54,0
DA:55,0
DA:56,0
DA:61,0
DA:69,0
DA:70,0
DA:72,0
DA:74,0
DA:75,0
DA:81,0
DA:82,0
DA:83,0
DA:89,0
LF:32
LH:0
BRDA:11,0,0,0
BRDA:28,1,0,0
BRDA:47,2,0,0
BRDA:74,3,0,0
BRF:4
BRH:0
end_of_record
TN:
SF:src\controllers\dashboard.controller.ts
FN:12,(anonymous_1)
FN:34,(anonymous_2)
FNF:2
FNH:0
FNDA:0,(anonymous_1)
FNDA:0,(anonymous_2)
DA:2,0
DA:3,0
DA:4,0
DA:5,0
DA:7,0
DA:13,0
DA:14,0
DA:16,0
DA:18,0
DA:22,0
DA:24,0
DA:35,0
DA:36,0
DA:38,0
DA:40,0
DA:44,0
DA:46,0
DA:53,0
LF:18
LH:0
BRF:0
BRH:0
end_of_record
TN:
SF:src\controllers\expense.controller.ts
FN:14,(anonymous_1)
FN:39,(anonymous_2)
FN:62,(anonymous_3)
FN:85,(anonymous_4)
FN:111,(anonymous_5)
FN:136,(anonymous_6)
FN:158,(anonymous_7)
FN:183,(anonymous_8)
FN:212,(anonymous_9)
FNF:9
FNH:0
FNDA:0,(anonymous_1)
FNDA:0,(anonymous_2)
FNDA:0,(anonymous_3)
FNDA:0,(anonymous_4)
FNDA:0,(anonymous_5)
FNDA:0,(anonymous_6)
FNDA:0,(anonymous_7)
FNDA:0,(anonymous_8)
FNDA:0,(anonymous_9)
DA:2,0
DA:3,0
DA:4,0
DA:6,0
DA:7,0
DA:9,0
DA:15,0
DA:16,0
DA:17,0
DA:19,0
DA:21,0
DA:23,0
DA:27,0
DA:29,0
DA:40,0
DA:41,0
DA:42,0
DA:44,0
DA:46,0
DA:50,0
DA:52,0
DA:63,0
DA:64,0
DA:65,0
DA:67,0
DA:69,0
DA:73,0
DA:75,0
DA:86,0
DA:87,0
DA:88,0
DA:89,0
DA:91,0
DA:93,0
DA:95,0
DA:99,0
DA:101,0
DA:112,0
DA:113,0
DA:114,0
DA:116,0
DA:118,0
DA:120,0
DA:124,0
DA:126,0
DA:137,0
DA:138,0
DA:140,0
DA:142,0
DA:146,0
DA:148,0
DA:159,0
DA:160,0
DA:161,0
DA:163,0
DA:165,0
DA:167,0
DA:171,0
DA:173,0
DA:184,0
DA:185,0
DA:186,0
DA:191,0
DA:192,0
DA:194,0
DA:196,0
DA:200,0
DA:202,0
DA:213,0
DA:214,0
DA:216,0
DA:218,0
DA:222,0
DA:224,0
DA:231,0
LF:75
LH:0
BRDA:191,0,0,0
BRDA:191,0,1,0
BRDA:192,1,0,0
BRDA:192,1,1,0
BRF:4
BRH:0
end_of_record
TN:
SF:src\controllers\goal.controller.ts
FN:15,(anonymous_1)
FN:40,(anonymous_2)
FN:63,(anonymous_3)
FN:86,(anonymous_4)
FN:112,(anonymous_5)
FN:137,(anonymous_6)
FN:167,(anonymous_7)
FN:190,(anonymous_8)
FN:212,(anonymous_9)
FN:234,(anonymous_10)
FN:240,(anonymous_11)
FN:266,(anonymous_12)
FN:284,(anonymous_13)
FNF:13
FNH:0
FNDA:0,(anonymous_1)
FNDA:0,(anonymous_2)
FNDA:0,(anonymous_3)
FNDA:0,(anonymous_4)
FNDA:0,(anonymous_5)
FNDA:0,(anonymous_6)
FNDA:0,(anonymous_7)
FNDA:0,(anonymous_8)
FNDA:0,(anonymous_9)
FNDA:0,(anonymous_10)
FNDA:0,(anonymous_11)
FNDA:0,(anonymous_12)
FNDA:0,(anonymous_13)
DA:2,0
DA:3,0
DA:4,0
DA:6,0
DA:7,0
DA:8,0
DA:10,0
DA:16,0
DA:17,0
DA:18,0
DA:20,0
DA:22,0
DA:24,0
DA:28,0
DA:30,0
DA:41,0
DA:42,0
DA:43,0
DA:45,0
DA:47,0
DA:51,0
DA:53,0
DA:64,0
DA:65,0
DA:66,0
DA:68,0
DA:70,0
DA:74,0
DA:76,0
DA:87,0
DA:88,0
DA:89,0
DA:90,0
DA:92,0
DA:94,0
DA:96,0
DA:100,0
DA:102,0
DA:113,0
DA:114,0
DA:115,0
DA:117,0
DA:119,0
DA:121,0
DA:125,0
DA:127,0
DA:138,0
DA:139,0
DA:140,0
DA:141,0
DA:143,0
DA:145,0
DA:151,0
DA:155,0
DA:157,0
DA:168,0
DA:169,0
DA:170,0
DA:172,0
DA:174,0
DA:178,0
DA:180,0
DA:191,0
DA:192,0
DA:193,0
DA:195,0
DA:197,0
DA:201,0
DA:203,0
DA:213,0
DA:214,0
DA:216,0
DA:217,0
DA:225,0
DA:227,0
DA:235,0
DA:236,0
DA:237,0
DA:239,0
DA:240,0
DA:241,0
DA:242,0
DA:244,0
DA:246,0
DA:250,0
DA:255,0
DA:257,0
DA:259,0
DA:267,0
DA:268,0
DA:270,0
DA:271,0
DA:275,0
DA:277,0
DA:285,0
DA:286,0
DA:288,0
DA:289,0
DA:293,0
DA:295,0
DA:300,0
LF:101
LH:0
BRDA:244,0,0,0
BRDA:244,1,0,0
BRDA:244,1,1,0
BRDA:244,1,2,0
BRF:4
BRH:0
end_of_record
TN:
SF:src\controllers\income.controller.ts
FN:10,(anonymous_1)
FN:29,(anonymous_2)
FN:46,(anonymous_3)
FN:62,(anonymous_4)
FN:81,(anonymous_5)
FN:97,(anonymous_6)
FN:109,(anonymous_7)
FNF:7
FNH:0
FNDA:0,(anonymous_1)
FNDA:0,(anonymous_2)
FNDA:0,(anonymous_3)
FNDA:0,(anonymous_4)
FNDA:0,(anonymous_5)
FNDA:0,(anonymous_6)
FNDA:0,(anonymous_7)
DA:2,0
DA:3,0
DA:4,0
DA:6,0
DA:7,0
DA:9,0
DA:11,0
DA:12,0
DA:13,0
DA:15,0
DA:17,0
DA:20,0
DA:22,0
DA:24,0
DA:25,0
DA:30,0
DA:31,0
DA:32,0
DA:34,0
DA:37,0
DA:39,0
DA:41,0
DA:42,0
DA:47,0
DA:48,0
DA:49,0
DA:51,0
DA:53,0
DA:55,0
DA:57,0
DA:58,0
DA:63,0
DA:64,0
DA:65,0
DA:66,0
DA:68,0
DA:70,0
DA:72,0
DA:74,0
DA:76,0
DA:77,0
DA:82,0
DA:83,0
DA:84,0
DA:86,0
DA:88,0
DA:90,0
DA:92,0
DA:93,0
DA:98,0
DA:99,0
DA:101,0
DA:102,0
DA:104,0
DA:105,0
DA:110,0
DA:111,0
DA:112,0
DA:114,0
DA:115,0
DA:117,0
DA:119,0
DA:121,0
DA:122,0
DA:127,0
LF:65
LH:0
BRDA:114,0,0,0
BRDA:114,0,1,0
BRDA:115,1,0,0
BRDA:115,1,1,0
BRF:4
BRH:0
end_of_record
TN:
SF:src\controllers\insight.controller.ts
FN:8,(anonymous_1)
FN:21,(anonymous_2)
FN:33,(anonymous_3)
FN:45,(anonymous_4)
FN:57,(anonymous_5)
FN:69,(anonymous_6)
FN:80,(anonymous_7)
FNF:7
FNH:0
FNDA:0,(anonymous_1)
FNDA:0,(anonymous_2)
FNDA:0,(anonymous_3)
FNDA:0,(anonymous_4)
FNDA:0,(anonymous_5)
FNDA:0,(anonymous_6)
FNDA:0,(anonymous_7)
DA:2,0
DA:3,0
DA:4,0
DA:5,0
DA:7,0
DA:9,0
DA:10,0
DA:11,0
DA:13,0
DA:14,0
DA:16,0
DA:17,0
DA:22,0
DA:23,0
DA:24,0
DA:26,0
DA:27,0
DA:29,0
DA:34,0
DA:35,0
DA:36,0
DA:38,0
DA:39,0
DA:41,0
DA:46,0
DA:47,0
DA:48,0
DA:50,0
DA:51,0
DA:53,0
DA:58,0
DA:59,0
DA:60,0
DA:62,0
DA:63,0
DA:65,0
DA:70,0
DA:71,0
DA:73,0
DA:74,0
DA:76,0
DA:81,0
DA:82,0
DA:84,0
DA:85,0
DA:87,0
DA:88,0
DA:93,0
LF:48
LH:0
BRDA:29,0,0,0
BRDA:29,0,1,0
BRDA:41,1,0,0
BRDA:41,1,1,0
BRDA:53,2,0,0
BRDA:53,2,1,0
BRDA:65,3,0,0
BRDA:65,3,1,0
BRF:8
BRH:0
end_of_record
TN:
SF:src\controllers\notification.controller.ts
FN:14,(anonymous_1)
FN:37,(anonymous_2)
FN:60,(anonymous_3)
FN:83,(anonymous_4)
FN:105,(anonymous_5)
FN:127,(anonymous_6)
FN:150,(anonymous_7)
FNF:7
FNH:0
FNDA:0,(anonymous_1)
FNDA:0,(anonymous_2)
FNDA:0,(anonymous_3)
FNDA:0,(anonymous_4)
FNDA:0,(anonymous_5)
FNDA:0,(anonymous_6)
FNDA:0,(anonymous_7)
DA:2,0
DA:3,0
DA:4,0
DA:6,0
DA:7,0
DA:9,0
DA:15,0
DA:16,0
DA:17,0
DA:19,0
DA:21,0
DA:25,0
DA:27,0
DA:38,0
DA:39,0
DA:40,0
DA:42,0
DA:44,0
DA:48,0
DA:50,0
DA:61,0
DA:62,0
DA:63,0
DA:65,0
DA:67,0
DA:71,0
DA:73,0
DA:84,0
DA:85,0
DA:87,0
DA:89,0
DA:93,0
DA:95,0
DA:106,0
DA:107,0
DA:109,0
DA:111,0
DA:115,0
DA:117,0
DA:128,0
DA:129,0
DA:130,0
DA:132,0
DA:134,0
DA:138,0
DA:140,0
DA:151,0
DA:152,0
DA:154,0
DA:156,0
DA:160,0
DA:162,0
DA:169,0
LF:53
LH:0
BRF:0
BRH:0
end_of_record
TN:
SF:src\controllers\onboarding.controller.ts
FN:12,(anonymous_1)
FN:34,(anonymous_2)
FN:72,(anonymous_3)
FN:106,(anonymous_4)
FN:128,(anonymous_5)
FNF:5
FNH:0
FNDA:0,(anonymous_1)
FNDA:0,(anonymous_2)
FNDA:0,(anonymous_3)
FNDA:0,(anonymous_4)
FNDA:0,(anonymous_5)
DA:2,0
DA:3,0
DA:4,0
DA:5,0
DA:7,0
DA:13,0
DA:14,0
DA:16,0
DA:18,0
DA:22,0
DA:24,0
DA:35,0
DA:36,0
DA:37,0
DA:39,0
DA:54,0
DA:56,0
DA:60,0
DA:62,0
DA:73,0
DA:74,0
DA:75,0
DA:83,0
DA:88,0
DA:90,0
DA:94,0
DA:96,0
DA:107,0
DA:108,0
DA:110,0
DA:112,0
DA:116,0
DA:118,0
DA:129,0
DA:130,0
DA:132,0
DA:134,0
DA:136,0
DA:140,0
DA:142,0
DA:149,0
LF:41
LH:0
BRF:0
BRH:0
end_of_record
TN:
SF:src\controllers\transaction.controller.ts
FN:7,(anonymous_1)
FN:29,(anonymous_2)
FN:64,(anonymous_3)
FN:92,(anonymous_4)
FN:136,(anonymous_5)
FNF:5
FNH:0
FNDA:0,(anonymous_1)
FNDA:0,(anonymous_2)
FNDA:0,(anonymous_3)
FNDA:0,(anonymous_4)
FNDA:0,(anonymous_5)
DA:2,0
DA:3,0
DA:4,0
DA:6,0
DA:8,0
DA:9,0
DA:11,0
DA:12,0
DA:17,0
DA:22,0
DA:30,0
DA:31,0
DA:33,0
DA:34,0
DA:35,0
DA:36,0
DA:38,0
DA:45,0
DA:47,0
DA:57,0
DA:65,0
DA:66,0
DA:68,0
DA:69,0
DA:73,0
DA:74,0
DA:80,0
DA:85,0
DA:93,0
DA:94,0
DA:96,0
DA:97,0
DA:101,0
DA:102,0
DA:108,0
DA:109,0
DA:115,0
DA:123,0
DA:129,0
DA:137,0
DA:138,0
DA:140,0
DA:141,0
DA:145,0
DA:146,0
DA:152,0
DA:154,0
DA:160,0
LF:48
LH:0
BRDA:24,0,0,0
BRDA:24,0,1,0
BRDA:31,1,0,0
BRDA:31,2,0,0
BRDA:35,3,0,0
BRDA:36,4,0,0
BRDA:73,5,0,0
BRDA:101,6,0,0
BRDA:108,7,0,0
BRDA:145,8,0,0
BRF:10
BRH:0
end_of_record
TN:
SF:src\controllers\user.controller.ts
FN:12,(anonymous_1)
FN:34,(anonymous_2)
FN:67,(anonymous_3)
FN:95,(anonymous_4)
FN:117,(anonymous_5)
FN:145,(anonymous_6)
FN:167,(anonymous_7)
FN:189,(anonymous_8)
FN:214,(anonymous_9)
FN:245,(anonymous_10)
FN:267,(anonymous_11)
FNF:11
FNH:0
FNDA:0,(anonymous_1)
FNDA:0,(anonymous_2)
FNDA:0,(anonymous_3)
FNDA:0,(anonymous_4)
FNDA:0,(anonymous_5)
FNDA:0,(anonymous_6)
FNDA:0,(anonymous_7)
FNDA:0,(anonymous_8)
FNDA:0,(anonymous_9)
FNDA:0,(anonymous_10)
FNDA:0,(anonymous_11)
DA:2,0
DA:3,0
DA:4,0
DA:5,0
DA:7,0
DA:13,0
DA:14,0
DA:16,0
DA:18,0
DA:22,0
DA:24,0
DA:35,0
DA:36,0
DA:37,0
DA:44,0
DA:49,0
DA:51,0
DA:55,0
DA:57,0
DA:68,0
DA:69,0
DA:70,0
DA:75,0
DA:77,0
DA:79,0
DA:83,0
DA:85,0
DA:96,0
DA:97,0
DA:99,0
DA:101,0
DA:105,0
DA:107,0
DA:118,0
DA:119,0
DA:120,0
DA:122,0
DA:127,0
DA:129,0
DA:133,0
DA:135,0
DA:146,0
DA:147,0
DA:149,0
DA:151,0
DA:155,0
DA:157,0
DA:168,0
DA:169,0
DA:171,0
DA:173,0
DA:177,0
DA:179,0
DA:190,0
DA:191,0
DA:192,0
DA:194,0
DA:196,0
DA:198,0
DA:202,0
DA:204,0
DA:215,0
DA:216,0
DA:217,0
DA:222,0
DA:227,0
DA:229,0
DA:233,0
DA:235,0
DA:246,0
DA:247,0
DA:249,0
DA:251,0
DA:255,0
DA:257,0
DA:268,0
DA:269,0
DA:270,0
DA:272,0
DA:274,0
DA:276,0
DA:280,0
DA:282,0
DA:289,0
LF:84
LH:0
BRF:0
BRH:0
end_of_record
TN:
SF:src\jobs\commitment-monitor.job.ts
FN:10,(anonymous_1)
FNF:1
FNH:0
FNDA:0,(anonymous_1)
DA:1,0
DA:2,0
DA:3,0
DA:4,0
DA:10,0
DA:11,0
DA:12,0
DA:13,0
DA:15,0
DA:17,0
DA:19,0
DA:32,0
DA:33,0
DA:38,0
DA:50,0
DA:51,0
DA:55,0
DA:57,0
LF:18
LH:0
BRDA:32,0,0,0
BRDA:50,1,0,0
BRF:2
BRH:0
end_of_record
TN:
SF:src\jobs\cron.manager.ts
FN:12,(anonymous_1)
FN:17,(anonymous_2)
FN:30,(anonymous_3)
FN:47,(anonymous_4)
FN:48,(anonymous_5)
FNF:5
FNH:0
FNDA:0,(anonymous_1)
FNDA:0,(anonymous_2)
FNDA:0,(anonymous_3)
FNDA:0,(anonymous_4)
FNDA:0,(anonymous_5)
DA:1,0
DA:2,0
DA:3,0
DA:4,0
DA:6,0
DA:7,0
DA:13,0
DA:17,0
DA:18,0
DA:19,0
DA:20,0
DA:21,0
DA:23,0
DA:26,0
DA:30,0
DA:31,0
DA:32,0
DA:33,0
DA:34,0
DA:36,0
DA:39,0
DA:41,0
DA:48,0
DA:49,0
LF:24
LH:0
BRF:0
BRH:0
end_of_record
TN:
SF:src\jobs\cycle-monitor.job.ts
FN:10,(anonymous_1)
FNF:1
FNH:0
FNDA:0,(anonymous_1)
DA:1,0
DA:2,0
DA:3,0
DA:4,0
DA:10,0
DA:11,0
DA:14,0
DA:23,0
DA:24,0
DA:25,0
DA:28,0
DA:30,0
DA:31,0
DA:33,0
DA:34,0
DA:35,0
DA:36,0
DA:40,0
DA:41,0
DA:45,0
LF:20
LH:0
BRDA:23,0,0,0
BRF:1
BRH:0
end_of_record
TN:
SF:src\middleware\auth.middleware.ts
FN:14,(anonymous_1)
FN:77,(anonymous_2)
FN:132,(anonymous_3)
FN:177,(anonymous_4)
FN:211,(anonymous_5)
FNF:5
FNH:0
FNDA:0,(anonymous_1)
FNDA:0,(anonymous_2)
FNDA:0,(anonymous_3)
FNDA:0,(anonymous_4)
FNDA:0,(anonymous_5)
DA:2,0
DA:3,0
DA:4,0
DA:5,0
DA:6,0
DA:7,0
DA:9,0
DA:14,0
DA:18,0
DA:20,0
DA:22,0
DA:23,0
DA:28,0
DA:36,0
DA:39,0
DA:42,0
DA:50,0
DA:55,0
DA:61,0
DA:65,0
DA:77,0
DA:81,0
DA:82,0
DA:90,0
DA:92,0
DA:93,0
DA:94,0
DA:98,0
DA:99,0
DA:100,0
DA:102,0
DA:103,0
DA:107,0
DA:108,0
DA:111,0
DA:112,0
DA:114,0
DA:119,0
DA:132,0
DA:136,0
DA:137,0
DA:145,0
DA:146,0
DA:151,0
DA:159,0
DA:160,0
DA:165,0
DA:177,0
DA:181,0
DA:182,0
DA:184,0
DA:185,0
DA:188,0
DA:189,0
DA:191,0
DA:199,0
DA:204,0
DA:211,0
DA:212,0
LF:59
LH:0
BRDA:22,0,0,0
BRDA:22,1,0,0
BRDA:22,1,1,0
BRDA:61,2,0,0
BRDA:61,2,1,0
BRDA:68,3,0,0
BRDA:68,3,1,0
BRDA:69,4,0,0
BRDA:69,4,1,0
BRDA:81,5,0,0
BRDA:90,6,0,0
BRDA:98,7,0,0
BRDA:98,7,1,0
BRDA:98,8,0,0
BRDA:98,8,1,0
BRDA:100,9,0,0
BRDA:103,10,0,0
BRDA:103,11,0,0
BRDA:103,11,1,0
BRDA:108,12,0,0
BRDA:108,13,0,0
BRDA:108,13,1,0
BRDA:111,14,0,0
BRDA:111,14,1,0
BRDA:136,15,0,0
BRDA:145,16,0,0
BRDA:159,17,0,0
BRDA:184,18,0,0
BRDA:184,19,0,0
BRDA:184,19,1,0
BRDA:214,20,0,0
BRDA:214,20,1,0
BRF:32
BRH:0
end_of_record
TN:
SF:src\middleware\error.middleware.ts
FN:10,(anonymous_1)
FN:107,(anonymous_2)
FNF:2
FNH:0
FNDA:0,(anonymous_1)
FNDA:0,(anonymous_2)
DA:2,0
DA:3,0
DA:4,0
DA:5,0
DA:10,0
DA:16,0
DA:17,0
DA:25,0
DA:31,0
DA:41,0
DA:42,0
DA:52,0
DA:53,0
DA:62,0
DA:63,0
DA:72,0
DA:73,0
DA:82,0
DA:83,0
DA:84,0
DA:93,0
DA:107,0
DA:108,0
DA:113,0
LF:24
LH:0
BRDA:16,0,0,0
BRDA:41,1,0,0
BRDA:52,2,0,0
BRDA:62,3,0,0
BRDA:72,4,0,0
BRDA:82,5,0,0
BRDA:82,6,0,0
BRDA:82,6,1,0
BRDA:94,7,0,0
BRDA:94,7,1,0
BRDA:97,8,0,0
BRDA:97,8,1,0
BRDA:100,9,0,0
BRDA:100,9,1,0
BRF:14
BRH:0
end_of_record
TN:
SF:src\middleware\request.middleware.ts
FN:8,(anonymous_1)
FN:20,(anonymous_2)
FN:43,(anonymous_3)
FN:58,(anonymous_4)
FNF:4
FNH:0
FNDA:0,(anonymous_1)
FNDA:0,(anonymous_2)
FNDA:0,(anonymous_3)
FNDA:0,(anonymous_4)
DA:2,0
DA:3,0
DA:8,0
DA:12,0
DA:13,0
DA:14,0
DA:20,0
DA:24,0
DA:27,0
DA:37,0
DA:43,0
DA:47,0
DA:58,0
DA:62,0
DA:63,0
DA:65,0
DA:66,0
DA:67,0
DA:68,0
DA:69,0
DA:73,0
DA:74,0
LF:22
LH:0
BRDA:12,0,0,0
BRDA:12,0,1,0
BRDA:62,1,0,0
BRDA:62,1,1,0
BRDA:65,2,0,0
BRDA:65,3,0,0
BRDA:65,3,1,0
BRDA:73,4,0,0
BRF:8
BRH:0
end_of_record
TN:
SF:src\middleware\sanitization.middleware.ts
FN:8,(anonymous_1)
FN:18,(anonymous_2)
FN:36,(anonymous_3)
FN:72,(anonymous_4)
FN:80,(anonymous_5)
FN:86,(anonymous_6)
FN:98,(anonymous_7)
FN:104,(anonymous_8)
FN:108,(anonymous_9)
FN:132,(anonymous_10)
FN:138,(anonymous_11)
FN:177,(anonymous_12)
FN:207,(anonymous_13)
FN:233,(anonymous_14)
FN:265,(anonymous_15)
FNF:15
FNH:0
FNDA:0,(anonymous_1)
FNDA:0,(anonymous_2)
FNDA:0,(anonymous_3)
FNDA:0,(anonymous_4)
FNDA:0,(anonymous_5)
FNDA:0,(anonymous_6)
FNDA:0,(anonymous_7)
FNDA:0,(anonymous_8)
FNDA:0,(anonymous_9)
FNDA:0,(anonymous_10)
FNDA:0,(anonymous_11)
FNDA:0,(anonymous_12)
FNDA:0,(anonymous_13)
FNDA:0,(anonymous_14)
FNDA:0,(anonymous_15)
DA:2,0
DA:3,0
DA:8,0
DA:9,0
DA:10,0
DA:13,0
DA:14,0
DA:17,0
DA:18,0
DA:21,0
DA:22,0
DA:23,0
DA:24,0
DA:26,0
DA:29,0
DA:36,0
DA:40,0
DA:42,0
DA:43,0
DA:47,0
DA:48,0
DA:52,0
DA:53,0
DA:56,0
DA:61,0
DA:72,0
DA:73,0
DA:80,0
DA:86,0
DA:87,0
DA:98,0
DA:104,0
DA:108,0
DA:109,0
DA:110,0
DA:111,0
DA:117,0
DA:120,0
DA:121,0
DA:127,0
DA:131,0
DA:132,0
DA:133,0
DA:137,0
DA:138,0
DA:139,0
DA:143,0
DA:146,0
DA:149,0
DA:150,0
DA:154,0
DA:155,0
DA:159,0
DA:160,0
DA:163,0
DA:164,0
DA:177,0
DA:181,0
DA:182,0
DA:185,0
DA:186,0
DA:187,0
DA:193,0
DA:207,0
DA:211,0
DA:213,0
DA:215,0
DA:216,0
DA:223,0
DA:227,0
DA:233,0
DA:237,0
DA:239,0
DA:240,0
DA:241,0
DA:243,0
DA:244,0
DA:250,0
DA:265,0
DA:270,0
DA:271,0
DA:274,0
DA:276,0
DA:277,0
DA:280,0
DA:281,0
DA:284,0
DA:287,0
DA:288,0
DA:291,0
DA:293,0
LF:91
LH:0
BRDA:9,0,0,0
BRDA:9,1,0,0
BRDA:9,1,1,0
BRDA:13,2,0,0
BRDA:17,3,0,0
BRDA:21,4,0,0
BRDA:42,5,0,0
BRDA:42,6,0,0
BRDA:42,6,1,0
BRDA:47,7,0,0
BRDA:47,8,0,0
BRDA:47,8,1,0
BRDA:52,9,0,0
BRDA:52,10,0,0
BRDA:52,10,1,0
BRDA:62,11,0,0
BRDA:62,11,1,0
BRDA:109,12,0,0
BRDA:110,13,0,0
BRDA:120,14,0,0
BRDA:131,15,0,0
BRDA:137,16,0,0
BRDA:137,17,0,0
BRDA:137,17,1,0
BRDA:149,18,0,0
BRDA:154,19,0,0
BRDA:154,20,0,0
BRDA:154,20,1,0
BRDA:159,21,0,0
BRDA:159,22,0,0
BRDA:159,22,1,0
BRDA:163,23,0,0
BRDA:185,24,0,0
BRDA:186,25,0,0
BRDA:186,26,0,0
BRDA:186,26,1,0
BRDA:215,27,0,0
BRDA:239,28,0,0
BRDA:243,29,0,0
BRDA:270,30,0,0
BRDA:277,31,0,0
BRDA:281,32,0,0
BRDA:288,33,0,0
BRDA:294,34,0,0
BRDA:294,34,1,0
BRF:45
BRH:0
end_of_record
TN:
SF:src\middleware\security-headers.middleware.ts
FN:8,(anonymous_1)
FN:13,(anonymous_2)
FN:35,(anonymous_3)
FN:59,(anonymous_4)
FN:72,(anonymous_5)
FN:83,(anonymous_6)
FNF:6
FNH:0
FNDA:0,(anonymous_1)
FNDA:0,(anonymous_2)
FNDA:0,(anonymous_3)
FNDA:0,(anonymous_4)
FNDA:0,(anonymous_5)
FNDA:0,(anonymous_6)
DA:2,0
DA:3,0
DA:8,0
DA:13,0
DA:14,0
DA:18,0
DA:19,0
DA:22,0
DA:23,0
DA:24,0
DA:25,0
DA:26,0
DA:27,0
DA:35,0
DA:40,0
DA:41,0
DA:45,0
DA:48,0
DA:49,0
DA:50,0
DA:52,0
DA:59,0
DA:63,0
DA:66,0
DA:72,0
DA:73,0
DA:74,0
DA:75,0
DA:76,0
DA:83,0
DA:84,0
DA:86,0
DA:89,0
DA:90,0
DA:91,0
DA:92,0
DA:93,0
DA:97,0
LF:38
LH:0
BRDA:23,0,0,0
BRDA:25,1,0,0
BRDA:25,2,0,0
BRDA:25,2,1,0
BRDA:40,3,0,0
BRDA:45,4,0,0
BRDA:45,4,1,0
BRDA:48,5,0,0
BRDA:49,6,0,0
BRDA:49,6,1,0
BRDA:74,7,0,0
BRDA:84,8,0,0
BRDA:89,9,0,0
BRF:13
BRH:0
end_of_record
TN:
SF:src\middleware\validation.middleware.ts
FN:11,(anonymous_1)
FN:12,(anonymous_2)
FN:20,(anonymous_3)
FN:57,(anonymous_4)
FN:58,(anonymous_5)
FN:66,(anonymous_6)
FN:100,(anonymous_7)
FNF:7
FNH:0
FNDA:0,(anonymous_1)
FNDA:0,(anonymous_2)
FNDA:0,(anonymous_3)
FNDA:0,(anonymous_4)
FNDA:0,(anonymous_5)
FNDA:0,(anonymous_6)
FNDA:0,(anonymous_7)
DA:1,0
DA:3,0
DA:4,0
DA:5,0
DA:6,0
DA:11,0
DA:12,0
DA:13,0
DA:14,0
DA:19,0
DA:20,0
DA:26,0
DA:31,0
DA:41,0
DA:43,0
DA:44,0
DA:57,0
DA:58,0
DA:59,0
DA:60,0
DA:65,0
DA:66,0
DA:72,0
DA:81,0
DA:83,0
DA:84,0
DA:99,0
DA:101,0
DA:102,0
DA:104,0
DA:116,0
DA:132,0
DA:146,0
DA:161,0
DA:173,0
DA:184,0
DA:195,0
DA:219,0
DA:227,0
DA:232,0
DA:240,0
DA:246,0
DA:250,0
DA:257,0
DA:263,0
DA:272,0
DA:283,0
DA:291,0
DA:304,0
DA:337,0
DA:360,0
DA:367,0
DA:377,0
DA:390,0
DA:410,0
DA:424,0
DA:438,0
DA:451,0
DA:462,0
DA:467,0
DA:477,0
DA:490,0
DA:497,0
DA:520,0
DA:542,0
DA:557,0
DA:569,0
LF:67
LH:0
BRDA:19,0,0,0
BRDA:65,1,0,0
BRDA:101,2,0,0
BRF:3
BRH:0
end_of_record
TN:
SF:src\repositories\base.repository.ts
FN:24,(anonymous_1)
FN:32,(anonymous_2)
FN:39,(anonymous_3)
FN:53,(anonymous_4)
FN:65,(anonymous_5)
FN:77,(anonymous_6)
FN:89,(anonymous_7)
FN:101,(anonymous_8)
FN:116,(anonymous_9)
FN:128,(anonymous_10)
FN:142,(anonymous_11)
FN:160,(anonymous_12)
FN:172,(anonymous_13)
FN:185,(anonymous_14)
FN:197,(anonymous_15)
FNF:15
FNH:0
FNDA:0,(anonymous_1)
FNDA:0,(anonymous_2)
FNDA:0,(anonymous_3)
FNDA:0,(anonymous_4)
FNDA:0,(anonymous_5)
FNDA:0,(anonymous_6)
FNDA:0,(anonymous_7)
FNDA:0,(anonymous_8)
FNDA:0,(anonymous_9)
FNDA:0,(anonymous_10)
FNDA:0,(anonymous_11)
FNDA:0,(anonymous_12)
FNDA:0,(anonymous_13)
FNDA:0,(anonymous_14)
FNDA:0,(anonymous_15)
DA:8,0
DA:20,0
DA:25,0
DA:26,0
DA:33,0
DA:40,0
DA:41,0
DA:45,0
DA:46,0
DA:54,0
DA:55,0
DA:57,0
DA:58,0
DA:66,0
DA:67,0
DA:69,0
DA:70,0
DA:78,0
DA:79,0
DA:81,0
DA:82,0
DA:90,0
DA:91,0
DA:93,0
DA:94,0
DA:102,0
DA:103,0
DA:108,0
DA:109,0
DA:117,0
DA:118,0
DA:120,0
DA:121,0
DA:129,0
DA:130,0
DA:134,0
DA:135,0
DA:143,0
DA:144,0
DA:152,0
DA:153,0
DA:161,0
DA:162,0
DA:164,0
DA:165,0
DA:173,0
DA:174,0
DA:175,0
DA:177,0
DA:178,0
DA:186,0
DA:187,0
DA:189,0
DA:190,0
DA:215,0
DA:216,0
DA:218,0
DA:220,0
DA:232,0
DA:234,0
DA:246,0
DA:247,0
LF:62
LH:0
BRF:0
BRH:0
end_of_record
TN:
SF:src\repositories\user.repository.ts
FN:22,(anonymous_1)
FN:29,(anonymous_2)
FN:41,(anonymous_3)
FN:53,(anonymous_4)
FN:72,(anonymous_5)
FN:86,(anonymous_6)
FN:98,(anonymous_7)
FN:113,(anonymous_8)
FN:138,(anonymous_9)
FN:150,(anonymous_10)
FN:162,(anonymous_11)
FN:190,(anonymous_12)
FN:213,(anonymous_13)
FN:239,(anonymous_14)
FNF:14
FNH:0
FNDA:0,(anonymous_1)
FNDA:0,(anonymous_2)
FNDA:0,(anonymous_3)
FNDA:0,(anonymous_4)
FNDA:0,(anonymous_5)
FNDA:0,(anonymous_6)
FNDA:0,(anonymous_7)
FNDA:0,(anonymous_8)
FNDA:0,(anonymous_9)
FNDA:0,(anonymous_10)
FNDA:0,(anonymous_11)
FNDA:0,(anonymous_12)
FNDA:0,(anonymous_13)
FNDA:0,(anonymous_14)
DA:7,0
DA:8,0
DA:9,0
DA:21,0
DA:23,0
DA:30,0
DA:31,0
DA:33,0
DA:34,0
DA:42,0
DA:43,0
DA:45,0
DA:46,0
DA:54,0
DA:55,0
DA:64,0
DA:65,0
DA:73,0
DA:74,0
DA:78,0
DA:79,0
DA:87,0
DA:88,0
DA:90,0
DA:91,0
DA:99,0
DA:100,0
DA:105,0
DA:106,0
DA:114,0
DA:116,0
DA:123,0
DA:130,0
DA:131,0
DA:139,0
DA:140,0
DA:142,0
DA:143,0
DA:151,0
DA:152,0
DA:154,0
DA:155,0
DA:163,0
DA:164,0
DA:182,0
DA:183,0
DA:191,0
DA:192,0
DA:205,0
DA:206,0
DA:214,0
DA:215,0
DA:216,0
DA:218,0
DA:232,0
DA:233,0
DA:239,0
LF:57
LH:0
BRDA:162,0,0,0
BRF:1
BRH:0
end_of_record
TN:
SF:src\routes\achievement.routes.ts
FN:5,(anonymous_0)
FNF:1
FNH:0
FNDA:0,(anonymous_0)
DA:2,0
DA:3,0
DA:5,0
DA:6,0
DA:7,0
DA:10,0
DA:13,0
DA:16,0
DA:19,0
LF:9
LH:0
BRF:0
BRH:0
end_of_record
TN:
SF:src\routes\allocation.routes.ts
FN:5,(anonymous_0)
FNF:1
FNH:0
FNDA:0,(anonymous_0)
DA:2,0
DA:3,0
DA:5,0
DA:6,0
DA:7,0
DA:8,0
DA:9,0
DA:14,0
DA:15,0
DA:16,0
DA:17,0
DA:18,0
LF:12
LH:0
BRF:0
BRH:0
end_of_record
TN:
SF:src\routes\auth.routes.ts
FN:21,(anonymous_0)
FNF:1
FNH:0
FNDA:0,(anonymous_0)
DA:2,0
DA:3,0
DA:4,0
DA:5,0
DA:21,0
DA:29,0
DA:43,0
DA:57,0
DA:71,0
DA:85,0
DA:98,0
DA:111,0
DA:125,0
DA:138,0
DA:153,0
DA:167,0
DA:181,0
DA:195,0
DA:207,0
DA:220,0
LF:20
LH:0
BRF:0
BRH:0
end_of_record
TN:
SF:src\routes\budget.routes.ts
FN:6,(anonymous_0)
FNF:1
FNH:0
FNDA:0,(anonymous_0)
DA:2,0
DA:3,0
DA:4,0
DA:6,0
DA:7,0
DA:8,0
DA:11,0
DA:14,0
DA:17,0
DA:20,0
DA:23,0
DA:26,0
DA:29,0
LF:13
LH:0
BRF:0
BRH:0
end_of_record
TN:
SF:src\routes\commitment.routes.ts
FN:5,(anonymous_0)
FNF:1
FNH:0
FNDA:0,(anonymous_0)
DA:2,0
DA:3,0
DA:5,0
DA:7,0
DA:8,0
DA:15,0
DA:22,0
DA:29,0
DA:36,0
DA:43,0
LF:10
LH:0
BRF:0
BRH:0
end_of_record
TN:
SF:src\routes\cycle.routes.ts
FN:5,(anonymous_0)
FNF:1
FNH:0
FNDA:0,(anonymous_0)
DA:2,0
DA:3,0
DA:5,0
DA:6,0
DA:7,0
DA:8,0
DA:9,0
DA:10,0
LF:8
LH:0
BRF:0
BRH:0
end_of_record
TN:
SF:src\routes\dashboard.routes.ts
FN:5,(anonymous_0)
FNF:1
FNH:0
FNDA:0,(anonymous_0)
DA:2,0
DA:3,0
DA:5,0
DA:7,0
DA:8,0
DA:15,0
DA:22,0
LF:7
LH:0
BRF:0
BRH:0
end_of_record
TN:
SF:src\routes\expense.routes.ts
FN:11,(anonymous_0)
FN:25,(anonymous_1)
FNF:2
FNH:0
FNDA:0,(anonymous_0)
FNDA:0,(anonymous_1)
DA:2,0
DA:3,0
DA:4,0
DA:11,0
DA:17,0
DA:25,0
DA:26,0
DA:27,0
DA:34,0
DA:47,0
DA:54,0
DA:61,0
DA:68,0
DA:75,0
DA:88,0
DA:95,0
LF:16
LH:0
BRF:0
BRH:0
end_of_record
TN:
SF:src\routes\goal.routes.ts
FN:11,(anonymous_0)
FNF:1
FNH:0
FNDA:0,(anonymous_0)
DA:2,0
DA:3,0
DA:4,0
DA:11,0
DA:13,0
DA:14,0
DA:21,0
DA:34,0
DA:41,0
DA:48,0
DA:61,0
DA:68,0
DA:81,0
DA:88,0
DA:95,0
DA:102,0
DA:109,0
DA:116,0
LF:18
LH:0
BRF:0
BRH:0
end_of_record
TN:
SF:src\routes\income.routes.ts
FN:63,(anonymous_0)
FN:64,(anonymous_1)
FNF:2
FNH:0
FNDA:0,(anonymous_0)
FNDA:0,(anonymous_1)
DA:2,0
DA:3,0
DA:4,0
DA:6,0
DA:26,0
DA:45,0
DA:63,0
DA:64,0
DA:65,0
DA:66,0
DA:69,0
DA:99,0
DA:111,0
DA:120,0
DA:129,0
DA:141,0
DA:154,0
LF:17
LH:0
BRF:0
BRH:0
end_of_record
TN:
SF:src\routes\insight.routes.ts
FN:6,(anonymous_0)
FNF:1
FNH:0
FNDA:0,(anonymous_0)
DA:2,0
DA:3,0
DA:4,0
DA:6,0
DA:7,0
DA:8,0
DA:11,0
DA:14,0
DA:17,0
DA:20,0
DA:23,0
DA:26,0
DA:29,0
LF:13
LH:0
BRF:0
BRH:0
end_of_record
TN:
SF:src\routes\notification.routes.ts
FN:5,(anonymous_0)
FNF:1
FNH:0
FNDA:0,(anonymous_0)
DA:2,0
DA:3,0
DA:5,0
DA:7,0
DA:14,0
DA:21,0
DA:28,0
DA:35,0
DA:42,0
DA:49,0
DA:56,0
LF:11
LH:0
BRF:0
BRH:0
end_of_record
TN:
SF:src\routes\onboarding.routes.ts
FN:10,(anonymous_0)
FNF:1
FNH:0
FNDA:0,(anonymous_0)
DA:2,0
DA:3,0
DA:4,0
DA:10,0
DA:12,0
DA:13,0
DA:20,0
DA:27,0
DA:40,0
DA:53,0
DA:60,0
LF:11
LH:0
BRF:0
BRH:0
end_of_record
TN:
SF:src\routes\transaction.routes.ts
FN:5,(anonymous_0)
FNF:1
FNH:0
FNDA:0,(anonymous_0)
DA:2,0
DA:3,0
DA:5,0
DA:7,0
DA:8,0
DA:15,0
DA:22,0
DA:29,0
DA:36,0
DA:43,0
LF:10
LH:0
BRF:0
BRH:0
end_of_record
TN:
SF:src\routes\user.routes.ts
FN:13,(anonymous_0)
FNF:1
FNH:0
FNDA:0,(anonymous_0)
DA:2,0
DA:3,0
DA:4,0
DA:13,0
DA:15,0
DA:22,0
DA:35,0
DA:42,0
DA:55,0
DA:62,0
DA:75,0
DA:82,0
DA:89,0
DA:102,0
DA:115,0
DA:122,0
LF:16
LH:0
BRF:0
BRH:0
end_of_record
TN:
SF:src\services\achievement.service.ts
FN:25,(anonymous_1)
FN:35,(anonymous_2)
FN:44,(anonymous_3)
FN:45,(anonymous_4)
FN:60,(anonymous_5)
FN:61,(anonymous_6)
FN:129,(anonymous_7)
FNF:7
FNH:0
FNDA:0,(anonymous_1)
FNDA:0,(anonymous_2)
FNDA:0,(anonymous_3)
FNDA:0,(anonymous_4)
FNDA:0,(anonymous_5)
FNDA:0,(anonymous_6)
FNDA:0,(anonymous_7)
DA:3,0
DA:4,0
DA:10,0
DA:21,0
DA:26,0
DA:42,0
DA:44,0
DA:45,0
DA:46,0
DA:48,0
DA:61,0
DA:62,0
DA:65,0
DA:69,0
DA:70,0
DA:87,0
DA:90,0
DA:91,0
DA:92,0
DA:94,0
DA:105,0
DA:106,0
DA:120,0
DA:123,0
DA:130,0
DA:131,0
DA:133,0
DA:135,0
DA:136,0
DA:150,0
DA:153,0
DA:154,0
DA:158,0
LF:33
LH:0
BRDA:52,0,0,0
BRDA:52,0,1,0
BRDA:62,1,0,0
BRDA:69,2,0,0
BRDA:87,3,0,0
BRDA:92,4,0,0
BRDA:92,4,1,0
BRDA:99,5,0,0
BRDA:99,5,1,0
BRDA:105,6,0,0
BRDA:105,7,0,0
BRDA:105,7,1,0
BRDA:131,8,0,0
BRF:13
BRH:0
end_of_record
TN:
SF:src\services\allocation-transition.service.ts
FN:20,(anonymous_1)
FN:34,(anonymous_2)
FN:53,(anonymous_3)
FN:63,(anonymous_4)
FN:73,(anonymous_5)
FNF:5
FNH:0
FNDA:0,(anonymous_1)
FNDA:0,(anonymous_2)
FNDA:0,(anonymous_3)
FNDA:0,(anonymous_4)
FNDA:0,(anonymous_5)
DA:1,0
DA:2,0
DA:16,0
DA:22,0
DA:23,0
DA:24,0
DA:35,0
DA:54,0
DA:64,0
DA:74,0
LF:10
LH:0
BRF:0
BRH:0
end_of_record
TN:
SF:src\services\allocation.service.ts
FN:20,(anonymous_1)
FN:28,(anonymous_2)
FN:54,(anonymous_3)
FN:79,(anonymous_4)
FN:107,(anonymous_5)
FN:127,(anonymous_6)
FNF:6
FNH:5
FNDA:2,(anonymous_1)
FNDA:2,(anonymous_2)
FNDA:6,(anonymous_3)
FNDA:1,(anonymous_4)
FNDA:2,(anonymous_5)
FNDA:0,(anonymous_6)
DA:2,1
DA:16,1
DA:21,2
DA:29,2
DA:30,0
DA:34,2
DA:35,2
DA:36,2
DA:39,2
DA:40,2
DA:41,2
DA:44,2
DA:47,2
DA:54,2
DA:55,6
DA:56,4
DA:58,2
DA:62,2
DA:63,1
DA:64,1
DA:65,0
DA:66,0
DA:69,2
DA:80,1
DA:92,1
DA:94,0
DA:97,1
DA:108,2
DA:112,2
DA:113,1
DA:121,1
DA:133,0
DA:134,0
DA:137,0
LF:34
LH:27
BRDA:29,0,0,0
BRDA:55,1,0,4
BRDA:64,2,0,1
BRDA:64,2,1,0
BRDA:65,3,0,0
BRDA:65,3,1,0
BRDA:66,4,0,0
BRDA:92,5,0,0
BRDA:112,6,0,1
BRDA:133,7,0,0
BRF:10
BRH:3
end_of_record
TN:
SF:src\services\auth.service.ts
FN:57,(anonymous_1)
FN:74,(anonymous_2)
FN:89,(anonymous_3)
FN:137,(anonymous_4)
FN:166,(anonymous_5)
FN:177,(anonymous_6)
FN:310,(anonymous_7)
FN:382,(anonymous_8)
FN:403,(anonymous_9)
FN:459,(anonymous_10)
FN:526,(anonymous_11)
FN:537,(anonymous_12)
FN:653,(anonymous_13)
FN:744,(anonymous_14)
FN:825,(anonymous_15)
FN:967,(anonymous_16)
FN:1026,(anonymous_17)
FN:1065,(anonymous_18)
FN:1134,(anonymous_19)
FN:1140,(anonymous_20)
FN:1167,(anonymous_21)
FN:1179,(anonymous_22)
FN:1188,(anonymous_23)
FN:1192,(anonymous_24)
FN:1262,(anonymous_25)
FN:1272,(anonymous_26)
FN:1298,(anonymous_27)
FN:1326,(anonymous_28)
FN:1335,(anonymous_29)
FN:1384,(anonymous_30)
FN:1408,(anonymous_31)
FN:1412,(anonymous_32)
FN:1444,(anonymous_33)
FN:1455,(anonymous_34)
FN:1459,(anonymous_35)
FN:1474,(anonymous_36)
FN:1483,(anonymous_37)
FNF:37
FNH:0
FNDA:0,(anonymous_1)
FNDA:0,(anonymous_2)
FNDA:0,(anonymous_3)
FNDA:0,(anonymous_4)
FNDA:0,(anonymous_5)
FNDA:0,(anonymous_6)
FNDA:0,(anonymous_7)
FNDA:0,(anonymous_8)
FNDA:0,(anonymous_9)
FNDA:0,(anonymous_10)
FNDA:0,(anonymous_11)
FNDA:0,(anonymous_12)
FNDA:0,(anonymous_13)
FNDA:0,(anonymous_14)
FNDA:0,(anonymous_15)
FNDA:0,(anonymous_16)
FNDA:0,(anonymous_17)
FNDA:0,(anonymous_18)
FNDA:0,(anonymous_19)
FNDA:0,(anonymous_20)
FNDA:0,(anonymous_21)
FNDA:0,(anonymous_22)
FNDA:0,(anonymous_23)
FNDA:0,(anonymous_24)
FNDA:0,(anonymous_25)
FNDA:0,(anonymous_26)
FNDA:0,(anonymous_27)
FNDA:0,(anonymous_28)
FNDA:0,(anonymous_29)
FNDA:0,(anonymous_30)
FNDA:0,(anonymous_31)
FNDA:0,(anonymous_32)
FNDA:0,(anonymous_33)
FNDA:0,(anonymous_34)
FNDA:0,(anonymous_35)
FNDA:0,(anonymous_36)
FNDA:0,(anonymous_37)
DA:1,0
DA:2,0
DA:3,0
DA:5,0
DA:6,0
DA:7,0
DA:8,0
DA:9,0
DA:10,0
DA:11,0
DA:12,0
DA:13,0
DA:15,0
DA:56,0
DA:58,0
DA:59,0
DA:61,0
DA:62,0
DA:63,0
DA:64,0
DA:65,0
DA:67,0
DA:85,0
DA:86,0
DA:88,0
DA:90,0
DA:94,0
DA:95,0
DA:96,0
DA:102,0
DA:103,0
DA:104,0
DA:105,0
DA:106,0
DA:113,0
DA:114,0
DA:115,0
DA:116,0
DA:117,0
DA:124,0
DA:131,0
DA:138,0
DA:139,0
DA:140,0
DA:141,0
DA:147,0
DA:154,0
DA:171,0
DA:174,0
DA:176,0
DA:178,0
DA:184,0
DA:185,0
DA:192,0
DA:196,0
DA:197,0
DA:198,0
DA:205,0
DA:206,0
DA:207,0
DA:208,0
DA:209,0
DA:217,0
DA:218,0
DA:219,0
DA:220,0
DA:221,0
DA:229,0
DA:232,0
DA:235,0
DA:236,0
DA:237,0
DA:246,0
DA:247,0
DA:252,0
DA:277,0
DA:283,0
DA:299,0
DA:304,0
DA:311,0
DA:317,0
DA:318,0
DA:324,0
DA:325,0
DA:326,0
DA:327,0
DA:333,0
DA:334,0
DA:335,0
DA:346,0
DA:357,0
DA:362,0
DA:387,0
DA:389,0
DA:395,0
DA:396,0
DA:402,0
DA:405,0
DA:409,0
DA:410,0
DA:417,0
DA:436,0
DA:439,0
DA:448,0
DA:453,0
DA:460,0
DA:461,0
DA:466,0
DA:467,0
DA:473,0
DA:477,0
DA:483,0
DA:491,0
DA:496,0
DA:531,0
DA:534,0
DA:536,0
DA:539,0
DA:543,0
DA:544,0
DA:545,0
DA:552,0
DA:553,0
DA:554,0
DA:561,0
DA:562,0
DA:563,0
DA:570,0
DA:571,0
DA:572,0
DA:579,0
DA:580,0
DA:581,0
DA:586,0
DA:587,0
DA:588,0
DA:589,0
DA:590,0
DA:591,0
DA:592,0
DA:593,0
DA:600,0
DA:601,0
DA:608,0
DA:624,0
DA:631,0
DA:642,0
DA:647,0
DA:654,0
DA:655,0
DA:656,0
DA:657,0
DA:663,0
DA:664,0
DA:665,0
DA:671,0
DA:672,0
DA:673,0
DA:679,0
DA:680,0
DA:681,0
DA:687,0
DA:688,0
DA:689,0
DA:690,0
DA:696,0
DA:697,0
DA:709,0
DA:714,0
DA:752,0
DA:761,0
DA:768,0
DA:779,0
DA:782,0
DA:784,0
DA:785,0
DA:797,0
DA:798,0
DA:799,0
DA:810,0
DA:814,0
DA:816,0
DA:826,0
DA:828,0
DA:830,0
DA:839,0
DA:850,0
DA:851,0
DA:857,0
DA:868,0
DA:869,0
DA:870,0
DA:871,0
DA:872,0
DA:873,0
DA:877,0
DA:878,0
DA:884,0
DA:889,0
DA:895,0
DA:897,0
DA:899,0
DA:900,0
DA:901,0
DA:906,0
DA:907,0
DA:908,0
DA:914,0
DA:915,0
DA:916,0
DA:917,0
DA:918,0
DA:919,0
DA:920,0
DA:924,0
DA:925,0
DA:931,0
DA:932,0
DA:944,0
DA:945,0
DA:948,0
DA:950,0
DA:951,0
DA:957,0
DA:968,0
DA:970,0
DA:977,0
DA:978,0
DA:979,0
DA:980,0
DA:989,0
DA:994,0
DA:1009,0
DA:1016,0
DA:1018,0
DA:1030,0
DA:1033,0
DA:1037,0
DA:1039,0
DA:1040,0
DA:1047,0
DA:1054,0
DA:1056,0
DA:1068,0
DA:1071,0
DA:1077,0
DA:1078,0
DA:1085,0
DA:1089,0
DA:1090,0
DA:1097,0
DA:1100,0
DA:1106,0
DA:1117,0
DA:1124,0
DA:1126,0
DA:1139,0
DA:1142,0
DA:1146,0
DA:1148,0
DA:1149,0
DA:1156,0
DA:1162,0
DA:1167,0
DA:1168,0
DA:1171,0
DA:1173,0
DA:1180,0
DA:1191,0
DA:1194,0
DA:1198,0
DA:1199,0
DA:1206,0
DA:1213,0
DA:1214,0
DA:1221,0
DA:1229,0
DA:1232,0
DA:1238,0
DA:1249,0
DA:1256,0
DA:1258,0
DA:1263,0
DA:1273,0
DA:1274,0
DA:1279,0
DA:1281,0
DA:1282,0
DA:1288,0
DA:1299,0
DA:1310,0
DA:1320,0
DA:1332,0
DA:1334,0
DA:1337,0
DA:1340,0
DA:1341,0
DA:1345,0
DA:1352,0
DA:1353,0
DA:1354,0
DA:1355,0
DA:1357,0
DA:1358,0
DA:1366,0
DA:1367,0
DA:1370,0
DA:1371,0
DA:1372,0
DA:1374,0
DA:1377,0
DA:1386,0
DA:1387,0
DA:1389,0
DA:1391,0
DA:1393,0
DA:1395,0
DA:1409,0
DA:1411,0
DA:1414,0
DA:1421,0
DA:1422,0
DA:1426,0
DA:1430,0
DA:1431,0
DA:1440,0
DA:1442,0
DA:1446,0
DA:1447,0
DA:1456,0
DA:1458,0
DA:1460,0
DA:1465,0
DA:1466,0
DA:1469,0
DA:1475,0
DA:1495,0
DA:1496,0
DA:1511,0
DA:1516,0
LF:340
LH:0
BRDA:61,0,0,0
BRDA:61,0,1,0
BRDA:63,1,0,0
BRDA:94,2,0,0
BRDA:102,3,0,0
BRDA:104,4,0,0
BRDA:113,5,0,0
BRDA:115,6,0,0
BRDA:139,7,0,0
BRDA:184,8,0,0
BRDA:196,9,0,0
BRDA:205,10,0,0
BRDA:207,11,0,0
BRDA:217,12,0,0
BRDA:219,13,0,0
BRDA:236,14,0,0
BRDA:246,15,0,0
BRDA:261,16,0,0
BRDA:261,16,1,0
BRDA:262,17,0,0
BRDA:262,17,1,0
BRDA:263,18,0,0
BRDA:263,18,1,0
BRDA:317,19,0,0
BRDA:325,20,0,0
BRDA:395,21,0,0
BRDA:409,22,0,0
BRDA:466,23,0,0
BRDA:497,24,0,0
BRDA:497,24,1,0
BRDA:504,25,0,0
BRDA:504,25,1,0
BRDA:513,26,0,0
BRDA:513,26,1,0
BRDA:543,27,0,0
BRDA:552,28,0,0
BRDA:561,29,0,0
BRDA:570,30,0,0
BRDA:570,31,0,0
BRDA:570,31,1,0
BRDA:580,32,0,0
BRDA:588,33,0,0
BRDA:591,34,0,0
BRDA:591,34,1,0
BRDA:655,35,0,0
BRDA:663,36,0,0
BRDA:671,37,0,0
BRDA:679,38,0,0
BRDA:679,39,0,0
BRDA:679,39,1,0
BRDA:688,40,0,0
BRDA:715,41,0,0
BRDA:715,41,1,0
BRDA:722,42,0,0
BRDA:722,42,1,0
BRDA:731,43,0,0
BRDA:731,43,1,0
BRDA:797,44,0,0
BRDA:797,44,1,0
BRDA:798,45,0,0
BRDA:798,45,1,0
BRDA:850,46,0,0
BRDA:871,47,0,0
BRDA:877,48,0,0
BRDA:892,49,0,0
BRDA:892,49,1,0
BRDA:899,50,0,0
BRDA:899,50,1,0
BRDA:900,51,0,0
BRDA:907,52,0,0
BRDA:918,53,0,0
BRDA:924,54,0,0
BRDA:924,55,0,0
BRDA:924,55,1,0
BRDA:924,55,2,0
BRDA:924,55,3,0
BRDA:950,56,0,0
BRDA:968,57,0,0
BRDA:968,57,1,0
BRDA:979,58,0,0
BRDA:1037,59,0,0
BRDA:1077,60,0,0
BRDA:1089,61,0,0
BRDA:1146,62,0,0
BRDA:1176,63,0,0
BRDA:1176,63,1,0
BRDA:1198,64,0,0
BRDA:1213,65,0,0
BRDA:1281,66,0,0
BRDA:1340,67,0,0
BRDA:1340,68,0,0
BRDA:1340,68,1,0
BRDA:1340,68,2,0
BRDA:1354,69,0,0
BRDA:1357,70,0,0
BRDA:1381,71,0,0
BRDA:1381,71,1,0
BRDA:1421,72,0,0
BRDA:1430,73,0,0
BRDA:1465,74,0,0
BRDA:1471,75,0,0
BRDA:1471,75,1,0
BRF:102
BRH:0
end_of_record
TN:
SF:src\services\bucket-balance.service.ts
FN:17,(anonymous_1)
FN:89,(anonymous_2)
FNF:2
FNH:0
FNDA:0,(anonymous_1)
FNDA:0,(anonymous_2)
DA:1,0
DA:2,0
DA:13,0
DA:18,0
DA:23,0
DA:24,0
DA:27,0
DA:29,0
DA:30,0
DA:31,0
DA:32,0
DA:35,0
DA:45,0
DA:51,0
DA:53,0
DA:54,0
DA:61,0
DA:64,0
DA:67,0
DA:68,0
DA:70,0
DA:71,0
DA:72,0
DA:73,0
DA:74,0
DA:76,0
DA:90,0
DA:91,0
DA:92,0
DA:94,0
LF:30
LH:0
BRDA:23,0,0,0
BRDA:23,1,0,0
BRDA:23,1,1,0
BRDA:30,2,0,0
BRDA:30,2,1,0
BRDA:31,3,0,0
BRDA:31,3,1,0
BRDA:32,4,0,0
BRDA:45,5,0,0
BRDA:45,5,1,0
BRDA:53,6,0,0
BRDA:61,7,0,0
BRDA:61,7,1,0
BRDA:68,8,0,0
BRDA:68,8,1,0
BRDA:71,9,0,0
BRDA:71,9,1,0
BRDA:72,10,0,0
BRDA:72,10,1,0
BRDA:73,11,0,0
BRDA:73,11,1,0
BRDA:74,12,0,0
BRF:22
BRH:0
end_of_record
TN:
SF:src\services\budget.service.ts
FN:39,(anonymous_1)
FN:75,(anonymous_2)
FN:90,(anonymous_3)
FN:109,(anonymous_4)
FN:135,(anonymous_5)
FN:147,(anonymous_6)
FN:206,(anonymous_7)
FN:226,(anonymous_8)
FNF:8
FNH:0
FNDA:0,(anonymous_1)
FNDA:0,(anonymous_2)
FNDA:0,(anonymous_3)
FNDA:0,(anonymous_4)
FNDA:0,(anonymous_5)
FNDA:0,(anonymous_6)
FNDA:0,(anonymous_7)
FNDA:0,(anonymous_8)
DA:2,0
DA:3,0
DA:4,0
DA:35,0
DA:40,0
DA:42,0
DA:43,0
DA:46,0
DA:47,0
DA:49,0
DA:50,0
DA:53,0
DA:68,0
DA:69,0
DA:76,0
DA:80,0
DA:81,0
DA:84,0
DA:91,0
DA:93,0
DA:94,0
DA:95,0
DA:96,0
DA:97,0
DA:100,0
DA:110,0
DA:112,0
DA:113,0
DA:114,0
DA:115,0
DA:116,0
DA:117,0
DA:119,0
DA:120,0
DA:121,0
DA:122,0
DA:123,0
DA:124,0
DA:126,0
DA:136,0
DA:138,0
DA:140,0
DA:141,0
DA:148,0
DA:149,0
DA:152,0
DA:161,0
DA:162,0
DA:165,0
DA:170,0
DA:171,0
DA:172,0
DA:173,0
DA:175,0
DA:185,0
DA:186,0
DA:200,0
DA:215,0
DA:220,0
DA:221,0
DA:222,0
DA:223,0
DA:224,0
DA:226,0
DA:227,0
DA:228,0
DA:229,0
DA:230,0
DA:232,0
DA:233,0
DA:234,0
DA:235,0
DA:236,0
DA:238,0
DA:241,0
DA:253,0
LF:76
LH:0
BRDA:42,0,0,0
BRDA:49,1,0,0
BRDA:62,2,0,0
BRDA:62,2,1,0
BRDA:80,3,0,0
BRDA:93,4,0,0
BRDA:94,5,0,0
BRDA:95,6,0,0
BRDA:96,7,0,0
BRDA:97,8,0,0
BRDA:113,9,0,0
BRDA:114,10,0,0
BRDA:115,11,0,0
BRDA:117,12,0,0
BRDA:117,12,1,0
BRDA:119,13,0,0
BRDA:120,14,0,0
BRDA:121,15,0,0
BRDA:122,16,0,0
BRDA:123,17,0,0
BRDA:124,18,0,0
BRDA:161,19,0,0
BRDA:170,20,0,0
BRDA:170,20,1,0
BRDA:173,21,0,0
BRDA:173,21,1,0
BRDA:185,22,0,0
BRDA:185,23,0,0
BRDA:185,23,1,0
BRDA:195,24,0,0
BRDA:195,24,1,0
BRDA:230,25,0,0
BRDA:230,25,1,0
BRDA:235,26,0,0
BRDA:236,27,0,0
BRF:35
BRH:0
end_of_record
TN:
SF:src\services\commitment.service.ts
FN:19,(anonymous_1)
FN:20,(anonymous_2)
FN:60,(anonymous_3)
FN:61,(anonymous_4)
FN:120,(anonymous_5)
FNF:5
FNH:0
FNDA:0,(anonymous_1)
FNDA:0,(anonymous_2)
FNDA:0,(anonymous_3)
FNDA:0,(anonymous_4)
FNDA:0,(anonymous_5)
DA:1,0
DA:2,0
DA:3,0
DA:15,0
DA:20,0
DA:21,0
DA:35,0
DA:43,0
DA:53,0
DA:61,0
DA:62,0
DA:72,0
DA:73,0
DA:74,0
DA:75,0
DA:76,0
DA:77,0
DA:79,0
DA:81,0
DA:87,0
DA:96,0
DA:107,0
DA:113,0
DA:121,0
LF:24
LH:0
BRDA:28,0,0,0
BRDA:28,0,1,0
BRDA:29,1,0,0
BRDA:29,1,1,0
BRDA:74,2,0,0
BRDA:74,2,1,0
BRDA:75,3,0,0
BRDA:75,3,1,0
BRDA:76,4,0,0
BRDA:76,4,1,0
BRDA:77,5,0,0
BRDA:79,6,0,0
BRDA:79,6,1,0
BRF:13
BRH:0
end_of_record
TN:
SF:src\services\cycle-settlement.service.ts
FN:16,(anonymous_1)
FN:64,(anonymous_2)
FN:68,(anonymous_3)
FN:73,(anonymous_4)
FNF:4
FNH:0
FNDA:0,(anonymous_1)
FNDA:0,(anonymous_2)
FNDA:0,(anonymous_3)
FNDA:0,(anonymous_4)
DA:1,0
DA:2,0
DA:3,0
DA:12,0
DA:17,0
DA:22,0
DA:23,0
DA:26,0
DA:27,0
DA:29,0
DA:31,0
DA:32,0
DA:33,0
DA:35,0
DA:36,0
DA:37,0
DA:39,0
DA:40,0
DA:42,0
DA:43,0
DA:44,0
DA:46,0
DA:65,0
DA:68,0
DA:69,0
DA:70,0
DA:73,0
DA:75,0
DA:96,0
DA:97,0
DA:107,0
DA:109,0
DA:110,0
DA:111,0
DA:125,0
DA:135,0
DA:146,0
LF:37
LH:0
BRDA:22,0,0,0
BRDA:22,1,0,0
BRDA:22,1,1,0
BRDA:35,2,0,0
BRDA:35,2,1,0
BRDA:36,3,0,0
BRDA:36,3,1,0
BRDA:37,4,0,0
BRDA:37,4,1,0
BRDA:43,5,0,0
BRDA:43,5,1,0
BRDA:44,6,0,0
BRDA:44,6,1,0
BRDA:69,7,0,0
BRDA:107,8,0,0
BRDA:107,9,0,0
BRDA:107,9,1,0
BRDA:110,10,0,0
BRF:18
BRH:0
end_of_record
TN:
SF:src\services\cycle.service.ts
FN:11,(anonymous_1)
FN:33,(anonymous_2)
FN:67,(anonymous_3)
FN:79,(anonymous_4)
FNF:4
FNH:2
FNDA:2,(anonymous_1)
FNDA:1,(anonymous_2)
FNDA:0,(anonymous_3)
FNDA:0,(anonymous_4)
DA:1,1
DA:2,1
DA:3,1
DA:4,1
DA:6,1
DA:12,2
DA:16,2
DA:17,1
DA:21,1
DA:22,1
DA:25,1
DA:26,1
DA:29,1
DA:30,1
DA:33,1
DA:34,1
DA:44,1
DA:60,1
DA:68,0
DA:80,0
LF:20
LH:18
BRDA:16,0,0,1
BRDA:21,1,0,1
BRDA:21,1,1,1
BRDA:22,2,0,1
BRDA:22,2,1,1
BRDA:30,3,0,1
BRDA:30,3,1,0
BRF:7
BRH:6
end_of_record
TN:
SF:src\services\dashboard.service.ts
FN:11,(anonymous_1)
FN:27,(anonymous_2)
FN:29,(anonymous_3)
FN:30,(anonymous_4)
FN:34,(anonymous_5)
FN:179,(anonymous_6)
FN:180,(anonymous_7)
FN:181,(anonymous_8)
FN:182,(anonymous_9)
FN:236,(anonymous_10)
FN:254,(anonymous_11)
FN:255,(anonymous_12)
FN:258,(anonymous_13)
FN:259,(anonymous_14)
FN:261,(anonymous_15)
FN:262,(anonymous_16)
FN:263,(anonymous_17)
FN:272,(anonymous_18)
FN:285,(anonymous_19)
FN:347,(anonymous_20)
FN:349,(anonymous_21)
FNF:21
FNH:0
FNDA:0,(anonymous_1)
FNDA:0,(anonymous_2)
FNDA:0,(anonymous_3)
FNDA:0,(anonymous_4)
FNDA:0,(anonymous_5)
FNDA:0,(anonymous_6)
FNDA:0,(anonymous_7)
FNDA:0,(anonymous_8)
FNDA:0,(anonymous_9)
FNDA:0,(anonymous_10)
FNDA:0,(anonymous_11)
FNDA:0,(anonymous_12)
FNDA:0,(anonymous_13)
FNDA:0,(anonymous_14)
FNDA:0,(anonymous_15)
FNDA:0,(anonymous_16)
FNDA:0,(anonymous_17)
FNDA:0,(anonymous_18)
FNDA:0,(anonymous_19)
FNDA:0,(anonymous_20)
FNDA:0,(anonymous_21)
DA:1,0
DA:3,0
DA:4,0
DA:5,0
DA:6,0
DA:8,0
DA:10,0
DA:12,0
DA:13,0
DA:15,0
DA:16,0
DA:17,0
DA:18,0
DA:20,0
DA:28,0
DA:29,0
DA:30,0
DA:36,0
DA:46,0
DA:47,0
DA:53,0
DA:56,0
DA:57,0
DA:70,0
DA:178,0
DA:179,0
DA:180,0
DA:181,0
DA:182,0
DA:183,0
DA:186,0
DA:187,0
DA:188,0
DA:191,0
DA:195,0
DA:196,0
DA:197,0
DA:198,0
DA:200,0
DA:231,0
DA:233,0
DA:237,0
DA:238,0
DA:240,0
DA:241,0
DA:242,0
DA:243,0
DA:245,0
DA:246,0
DA:249,0
DA:250,0
DA:251,0
DA:253,0
DA:254,0
DA:255,0
DA:257,0
DA:258,0
DA:259,0
DA:261,0
DA:262,0
DA:263,0
DA:264,0
DA:265,0
DA:267,0
DA:272,0
DA:295,0
DA:305,0
DA:306,0
DA:312,0
DA:313,0
DA:314,0
DA:317,0
DA:318,0
DA:320,0
DA:338,0
DA:339,0
DA:340,0
DA:343,0
DA:345,0
DA:347,0
DA:348,0
DA:349,0
DA:352,0
DA:356,0
DA:363,0
DA:364,0
DA:365,0
DA:366,0
DA:367,0
DA:369,0
DA:382,0
LF:91
LH:0
BRDA:15,0,0,0
BRDA:15,0,1,0
BRDA:16,1,0,0
BRDA:46,2,0,0
BRDA:183,3,0,0
BRDA:183,3,1,0
BRDA:187,4,0,0
BRDA:195,5,0,0
BRDA:195,5,1,0
BRDA:196,6,0,0
BRDA:196,6,1,0
BRDA:197,7,0,0
BRDA:197,7,1,0
BRDA:227,8,0,0
BRDA:227,8,1,0
BRDA:238,9,0,0
BRDA:245,10,0,0
BRDA:245,10,1,0
BRDA:245,11,0,0
BRDA:245,11,1,0
BRDA:246,12,0,0
BRDA:246,12,1,0
BRDA:246,13,0,0
BRDA:246,13,1,0
BRDA:254,14,0,0
BRDA:254,14,1,0
BRDA:258,15,0,0
BRDA:258,15,1,0
BRDA:264,16,0,0
BRDA:264,16,1,0
BRDA:305,17,0,0
BRDA:305,18,0,0
BRDA:305,18,1,0
BRDA:338,19,0,0
BRDA:338,19,1,0
BRDA:340,20,0,0
BRDA:340,20,1,0
BRDA:345,21,0,0
BRDA:345,21,1,0
BRDA:348,22,0,0
BRDA:348,22,1,0
BRDA:349,23,0,0
BRDA:349,23,1,0
BRDA:352,24,0,0
BRDA:352,24,1,0
BRDA:364,25,0,0
BRDA:365,26,0,0
BRDA:366,27,0,0
BRDA:367,28,0,0
BRF:49
BRH:0
end_of_record
TN:
SF:src\services\email.service.ts
FN:26,(anonymous_1)
FN:31,(anonymous_2)
FN:81,(anonymous_3)
FN:199,(anonymous_4)
FNF:4
FNH:0
FNDA:0,(anonymous_1)
FNDA:0,(anonymous_2)
FNDA:0,(anonymous_3)
FNDA:0,(anonymous_4)
DA:1,0
DA:2,0
DA:3,0
DA:22,0
DA:27,0
DA:28,0
DA:32,0
DA:34,0
DA:36,0
DA:45,0
DA:46,0
DA:47,0
DA:49,0
DA:50,0
DA:59,0
DA:62,0
DA:71,0
DA:74,0
DA:83,0
DA:85,0
DA:86,0
DA:89,0
DA:148,0
DA:163,0
DA:170,0
DA:171,0
DA:177,0
DA:178,0
DA:179,0
DA:181,0
DA:184,0
DA:187,0
DA:188,0
DA:189,0
DA:191,0
DA:192,0
DA:200,0
DA:204,0
LF:38
LH:0
BRDA:34,0,0,0
BRDA:34,0,1,0
BRDA:34,1,0,0
BRDA:34,1,1,0
BRDA:47,2,0,0
BRDA:47,2,1,0
BRDA:63,3,0,0
BRDA:63,3,1,0
BRDA:64,4,0,0
BRDA:64,4,1,0
BRDA:67,5,0,0
BRDA:67,5,1,0
BRDA:68,6,0,0
BRDA:68,6,1,0
BRDA:85,7,0,0
BRDA:172,8,0,0
BRDA:172,8,1,0
BRDA:177,9,0,0
BRDA:177,9,1,0
BRF:19
BRH:0
end_of_record
TN:
SF:src\services\expense.service.ts
FN:15,(anonymous_1)
FN:85,(anonymous_2)
FN:110,(anonymous_3)
FN:157,(anonymous_4)
FN:222,(anonymous_5)
FN:250,(anonymous_6)
FN:279,(anonymous_7)
FN:301,(anonymous_8)
FN:350,(anonymous_9)
FN:358,(anonymous_10)
FN:368,(anonymous_11)
FN:376,(anonymous_12)
FN:393,(anonymous_13)
FN:394,(anonymous_14)
FN:402,(anonymous_15)
FN:458,(anonymous_16)
FN:491,(anonymous_17)
FN:511,(anonymous_18)
FNF:18
FNH:0
FNDA:0,(anonymous_1)
FNDA:0,(anonymous_2)
FNDA:0,(anonymous_3)
FNDA:0,(anonymous_4)
FNDA:0,(anonymous_5)
FNDA:0,(anonymous_6)
FNDA:0,(anonymous_7)
FNDA:0,(anonymous_8)
FNDA:0,(anonymous_9)
FNDA:0,(anonymous_10)
FNDA:0,(anonymous_11)
FNDA:0,(anonymous_12)
FNDA:0,(anonymous_13)
FNDA:0,(anonymous_14)
FNDA:0,(anonymous_15)
FNDA:0,(anonymous_16)
FNDA:0,(anonymous_17)
FNDA:0,(anonymous_18)
DA:2,0
DA:3,0
DA:5,0
DA:6,0
DA:7,0
DA:9,0
DA:11,0
DA:28,0
DA:31,0
DA:32,0
DA:39,0
DA:43,0
DA:44,0
DA:51,0
DA:69,0
DA:77,0
DA:79,0
DA:86,0
DA:97,0
DA:98,0
DA:104,0
DA:111,0
DA:116,0
DA:117,0
DA:118,0
DA:120,0
DA:121,0
DA:123,0
DA:124,0
DA:126,0
DA:127,0
DA:129,0
DA:130,0
DA:132,0
DA:133,0
DA:135,0
DA:136,0
DA:138,0
DA:139,0
DA:143,0
DA:151,0
DA:159,0
DA:161,0
DA:163,0
DA:165,0
DA:168,0
DA:169,0
DA:174,0
DA:176,0
DA:177,0
DA:178,0
DA:183,0
DA:185,0
DA:186,0
DA:187,0
DA:188,0
DA:189,0
DA:190,0
DA:191,0
DA:192,0
DA:193,0
DA:196,0
DA:205,0
DA:214,0
DA:216,0
DA:224,0
DA:227,0
DA:233,0
DA:240,0
DA:242,0
DA:251,0
DA:256,0
DA:257,0
DA:262,0
DA:265,0
DA:273,0
DA:280,0
DA:282,0
DA:293,0
DA:295,0
DA:319,0
DA:324,0
DA:325,0
DA:327,0
DA:328,0
DA:332,0
DA:346,0
DA:349,0
DA:350,0
DA:351,0
DA:352,0
DA:353,0
DA:354,0
DA:355,0
DA:358,0
DA:367,0
DA:368,0
DA:369,0
DA:370,0
DA:371,0
DA:372,0
DA:373,0
DA:376,0
DA:383,0
DA:384,0
DA:385,0
DA:386,0
DA:389,0
DA:393,0
DA:394,0
DA:408,0
DA:409,0
DA:410,0
DA:411,0
DA:413,0
DA:435,0
DA:436,0
DA:438,0
DA:439,0
DA:441,0
DA:442,0
DA:443,0
DA:444,0
DA:447,0
DA:460,0
DA:461,0
DA:465,0
DA:466,0
DA:467,0
DA:479,0
DA:482,0
DA:483,0
DA:484,0
DA:486,0
DA:491,0
DA:492,0
DA:493,0
DA:494,0
DA:504,0
DA:519,0
DA:520,0
DA:531,0
DA:536,0
LF:143
LH:0
BRDA:31,0,0,0
BRDA:43,1,0,0
BRDA:57,2,0,0
BRDA:57,2,1,0
BRDA:61,3,0,0
BRDA:61,3,1,0
BRDA:63,4,0,0
BRDA:63,4,1,0
BRDA:97,5,0,0
BRDA:116,6,0,0
BRDA:117,7,0,0
BRDA:120,8,0,0
BRDA:123,9,0,0
BRDA:126,10,0,0
BRDA:129,11,0,0
BRDA:132,12,0,0
BRDA:135,13,0,0
BRDA:135,14,0,0
BRDA:135,14,1,0
BRDA:138,15,0,0
BRDA:163,16,0,0
BRDA:168,17,0,0
BRDA:176,18,0,0
BRDA:177,19,0,0
BRDA:185,20,0,0
BRDA:186,21,0,0
BRDA:187,22,0,0
BRDA:188,23,0,0
BRDA:189,24,0,0
BRDA:190,25,0,0
BRDA:191,26,0,0
BRDA:192,27,0,0
BRDA:193,28,0,0
BRDA:256,29,0,0
BRDA:256,29,1,0
BRDA:286,30,0,0
BRDA:286,30,1,0
BRDA:324,31,0,0
BRDA:327,32,0,0
BRDA:346,33,0,0
BRDA:346,33,1,0
BRDA:352,34,0,0
BRDA:352,34,1,0
BRDA:363,35,0,0
BRDA:363,35,1,0
BRDA:369,36,0,0
BRDA:369,36,1,0
BRDA:370,37,0,0
BRDA:370,37,1,0
BRDA:384,38,0,0
BRDA:384,39,0,0
BRDA:384,39,1,0
BRDA:386,40,0,0
BRDA:386,40,1,0
BRDA:391,41,0,0
BRDA:391,41,1,0
BRDA:392,42,0,0
BRDA:392,42,1,0
BRDA:435,43,0,0
BRDA:435,43,1,0
BRDA:436,44,0,0
BRDA:436,44,1,0
BRDA:441,45,0,0
BRDA:443,46,0,0
BRDA:443,46,1,0
BRDA:444,47,0,0
BRDA:465,48,0,0
BRDA:482,49,0,0
BRDA:482,49,1,0
BRDA:483,50,0,0
BRDA:483,50,1,0
BRDA:492,51,0,0
BRF:72
BRH:0
end_of_record
TN:
SF:src\services\goal-planning.service.ts
FN:63,(anonymous_1)
FN:64,(anonymous_2)
FNF:2
FNH:0
FNDA:0,(anonymous_1)
FNDA:0,(anonymous_2)
DA:1,0
DA:10,0
DA:20,0
DA:22,0
DA:23,0
DA:31,0
DA:33,0
DA:34,0
DA:36,0
DA:38,0
DA:46,0
DA:47,0
DA:49,0
DA:51,0
DA:64,0
DA:66,0
DA:67,0
DA:71,0
DA:72,0
DA:74,0
DA:75,0
DA:79,0
DA:80,0
DA:83,0
LF:24
LH:0
BRDA:22,0,0,0
BRDA:31,1,0,0
BRDA:31,1,1,0
BRDA:34,2,0,0
BRDA:47,3,0,0
BRDA:66,4,0,0
BRDA:71,5,0,0
BRDA:71,5,1,0
BRDA:72,6,0,0
BRDA:72,6,1,0
BRDA:74,7,0,0
BRDA:79,8,0,0
BRDA:79,9,0,0
BRDA:79,9,1,0
BRF:14
BRH:0
end_of_record
TN:
SF:src\services\goal.service.ts
FN:12,(anonymous_1)
FN:68,(anonymous_2)
FN:96,(anonymous_3)
FN:134,(anonymous_4)
FN:198,(anonymous_5)
FN:229,(anonymous_6)
FN:284,(anonymous_7)
FN:358,(anonymous_8)
FN:376,(anonymous_9)
FN:431,(anonymous_10)
FN:478,(anonymous_11)
FNF:11
FNH:0
FNDA:0,(anonymous_1)
FNDA:0,(anonymous_2)
FNDA:0,(anonymous_3)
FNDA:0,(anonymous_4)
FNDA:0,(anonymous_5)
FNDA:0,(anonymous_6)
FNDA:0,(anonymous_7)
FNDA:0,(anonymous_8)
FNDA:0,(anonymous_9)
FNDA:0,(anonymous_10)
FNDA:0,(anonymous_11)
DA:1,0
DA:2,0
DA:3,0
DA:5,0
DA:6,0
DA:8,0
DA:13,0
DA:16,0
DA:17,0
DA:24,0
DA:25,0
DA:26,0
DA:33,0
DA:52,0
DA:60,0
DA:62,0
DA:69,0
DA:83,0
DA:84,0
DA:90,0
DA:97,0
DA:102,0
DA:103,0
DA:104,0
DA:106,0
DA:107,0
DA:109,0
DA:110,0
DA:112,0
DA:113,0
DA:115,0
DA:116,0
DA:120,0
DA:128,0
DA:136,0
DA:138,0
DA:140,0
DA:141,0
DA:142,0
DA:143,0
DA:144,0
DA:149,0
DA:151,0
DA:152,0
DA:153,0
DA:154,0
DA:159,0
DA:161,0
DA:162,0
DA:163,0
DA:164,0
DA:169,0
DA:170,0
DA:171,0
DA:175,0
DA:181,0
DA:190,0
DA:192,0
DA:200,0
DA:203,0
DA:212,0
DA:219,0
DA:221,0
DA:233,0
DA:236,0
DA:237,0
DA:244,0
DA:247,0
DA:248,0
DA:254,0
DA:255,0
DA:256,0
DA:259,0
DA:260,0
DA:261,0
DA:262,0
DA:263,0
DA:268,0
DA:272,0
DA:273,0
DA:276,0
DA:284,0
DA:286,0
DA:300,0
DA:306,0
DA:307,0
DA:308,0
DA:309,0
DA:310,0
DA:311,0
DA:312,0
DA:315,0
DA:320,0
DA:324,0
DA:325,0
DA:326,0
DA:327,0
DA:332,0
DA:340,0
DA:349,0
DA:360,0
DA:362,0
DA:370,0
DA:385,0
DA:387,0
DA:403,0
DA:404,0
DA:405,0
DA:408,0
DA:409,0
DA:410,0
DA:413,0
DA:415,0
DA:417,0
DA:432,0
DA:433,0
DA:452,0
DA:453,0
DA:455,0
DA:469,0
DA:471,0
DA:486,0
DA:487,0
DA:498,0
DA:503,0
LF:125
LH:0
BRDA:16,0,0,0
BRDA:25,1,0,0
BRDA:43,2,0,0
BRDA:43,2,1,0
BRDA:44,3,0,0
BRDA:44,3,1,0
BRDA:45,4,0,0
BRDA:45,4,1,0
BRDA:46,5,0,0
BRDA:46,5,1,0
BRDA:47,6,0,0
BRDA:47,6,1,0
BRDA:83,7,0,0
BRDA:102,8,0,0
BRDA:103,9,0,0
BRDA:106,10,0,0
BRDA:109,11,0,0
BRDA:112,12,0,0
BRDA:115,13,0,0
BRDA:140,14,0,0
BRDA:141,15,0,0
BRDA:142,16,0,0
BRDA:143,17,0,0
BRDA:151,18,0,0
BRDA:153,19,0,0
BRDA:161,20,0,0
BRDA:163,21,0,0
BRDA:169,22,0,0
BRDA:236,23,0,0
BRDA:247,24,0,0
BRDA:259,25,0,0
BRDA:259,25,1,0
BRDA:261,26,0,0
BRDA:262,27,0,0
BRDA:277,28,0,0
BRDA:277,28,1,0
BRDA:278,29,0,0
BRDA:278,29,1,0
BRDA:279,30,0,0
BRDA:279,30,1,0
BRDA:280,31,0,0
BRDA:280,31,1,0
BRDA:306,32,0,0
BRDA:307,33,0,0
BRDA:308,34,0,0
BRDA:309,35,0,0
BRDA:325,36,0,0
BRDA:410,37,0,0
BRDA:410,37,1,0
BRDA:418,38,0,0
BRDA:418,38,1,0
BRDA:419,39,0,0
BRDA:419,39,1,0
BRDA:421,40,0,0
BRDA:421,40,1,0
BRDA:453,41,0,0
BRF:56
BRH:0
end_of_record
TN:
SF:src\services\income.service.ts
FN:10,(anonymous_1)
FN:53,(anonymous_2)
FN:68,(anonymous_3)
FN:90,(anonymous_4)
FN:127,(anonymous_5)
FN:149,(anonymous_6)
FN:163,(anonymous_7)
FN:170,(anonymous_8)
FN:188,(anonymous_9)
FN:196,(anonymous_10)
FN:204,(anonymous_11)
FN:207,(anonymous_12)
FN:215,(anonymous_13)
FN:221,(anonymous_14)
FN:227,(anonymous_15)
FNF:15
FNH:0
FNDA:0,(anonymous_1)
FNDA:0,(anonymous_2)
FNDA:0,(anonymous_3)
FNDA:0,(anonymous_4)
FNDA:0,(anonymous_5)
FNDA:0,(anonymous_6)
FNDA:0,(anonymous_7)
FNDA:0,(anonymous_8)
FNDA:0,(anonymous_9)
FNDA:0,(anonymous_10)
FNDA:0,(anonymous_11)
FNDA:0,(anonymous_12)
FNDA:0,(anonymous_13)
FNDA:0,(anonymous_14)
FNDA:0,(anonymous_15)
DA:1,0
DA:3,0
DA:4,0
DA:6,0
DA:11,0
DA:13,0
DA:14,0
DA:20,0
DA:35,0
DA:45,0
DA:47,0
DA:54,0
DA:58,0
DA:59,0
DA:62,0
DA:69,0
DA:71,0
DA:72,0
DA:73,0
DA:74,0
DA:75,0
DA:76,0
DA:79,0
DA:84,0
DA:91,0
DA:93,0
DA:94,0
DA:95,0
DA:96,0
DA:98,0
DA:99,0
DA:100,0
DA:101,0
DA:102,0
DA:103,0
DA:104,0
DA:106,0
DA:108,0
DA:119,0
DA:121,0
DA:128,0
DA:130,0
DA:132,0
DA:141,0
DA:143,0
DA:150,0
DA:151,0
DA:152,0
DA:154,0
DA:159,0
DA:162,0
DA:163,0
DA:164,0
DA:165,0
DA:166,0
DA:167,0
DA:170,0
DA:178,0
DA:179,0
DA:180,0
DA:181,0
DA:184,0
DA:188,0
DA:199,0
DA:200,0
DA:201,0
DA:203,0
DA:204,0
DA:206,0
DA:207,0
DA:208,0
DA:209,0
DA:210,0
DA:211,0
DA:214,0
DA:215,0
DA:221,0
DA:233,0
DA:234,0
DA:235,0
DA:236,0
DA:238,0
DA:253,0
DA:254,0
DA:256,0
DA:257,0
DA:259,0
DA:260,0
DA:261,0
DA:262,0
DA:265,0
DA:274,0
LF:92
LH:0
BRDA:13,0,0,0
BRDA:26,1,0,0
BRDA:26,1,1,0
BRDA:27,2,0,0
BRDA:27,2,1,0
BRDA:29,3,0,0
BRDA:29,3,1,0
BRDA:30,4,0,0
BRDA:30,4,1,0
BRDA:58,5,0,0
BRDA:71,6,0,0
BRDA:72,7,0,0
BRDA:73,8,0,0
BRDA:74,9,0,0
BRDA:75,10,0,0
BRDA:76,11,0,0
BRDA:94,12,0,0
BRDA:95,13,0,0
BRDA:98,14,0,0
BRDA:99,15,0,0
BRDA:100,16,0,0
BRDA:101,17,0,0
BRDA:102,18,0,0
BRDA:103,19,0,0
BRDA:104,20,0,0
BRDA:151,21,0,0
BRDA:152,22,0,0
BRDA:159,23,0,0
BRDA:159,23,1,0
BRDA:164,24,0,0
BRDA:164,24,1,0
BRDA:174,25,0,0
BRDA:174,25,1,0
BRDA:179,26,0,0
BRDA:179,27,0,0
BRDA:179,27,1,0
BRDA:181,28,0,0
BRDA:181,28,1,0
BRDA:186,29,0,0
BRDA:186,29,1,0
BRDA:187,30,0,0
BRDA:187,30,1,0
BRDA:200,31,0,0
BRDA:201,32,0,0
BRDA:208,33,0,0
BRDA:208,33,1,0
BRDA:219,34,0,0
BRDA:219,34,1,0
BRDA:253,35,0,0
BRDA:253,35,1,0
BRDA:254,36,0,0
BRDA:254,36,1,0
BRDA:259,37,0,0
BRDA:261,38,0,0
BRDA:261,38,1,0
BRDA:262,39,0,0
BRF:56
BRH:0
end_of_record
TN:
SF:src\services\insight.service.ts
FN:19,(anonymous_1)
FN:62,(anonymous_2)
FN:77,(anonymous_3)
FN:89,(anonymous_4)
FN:101,(anonymous_5)
FN:113,(anonymous_6)
FN:127,(anonymous_7)
FN:146,(anonymous_8)
FN:206,(anonymous_9)
FNF:9
FNH:0
FNDA:0,(anonymous_1)
FNDA:0,(anonymous_2)
FNDA:0,(anonymous_3)
FNDA:0,(anonymous_4)
FNDA:0,(anonymous_5)
FNDA:0,(anonymous_6)
FNDA:0,(anonymous_7)
FNDA:0,(anonymous_8)
FNDA:0,(anonymous_9)
DA:2,0
DA:3,0
DA:4,0
DA:15,0
DA:23,0
DA:28,0
DA:29,0
DA:30,0
DA:31,0
DA:32,0
DA:33,0
DA:37,0
DA:38,0
DA:39,0
DA:41,0
DA:51,0
DA:53,0
DA:63,0
DA:67,0
DA:68,0
DA:71,0
DA:78,0
DA:80,0
DA:90,0
DA:92,0
DA:102,0
DA:104,0
DA:114,0
DA:128,0
DA:131,0
DA:132,0
DA:134,0
DA:143,0
DA:145,0
DA:146,0
DA:147,0
DA:150,0
DA:151,0
DA:163,0
DA:167,0
DA:168,0
DA:180,0
DA:184,0
DA:185,0
DA:196,0
DA:199,0
DA:200,0
DA:207,0
DA:214,0
DA:218,0
LF:50
LH:0
BRDA:28,0,0,0
BRDA:29,1,0,0
BRDA:30,2,0,0
BRDA:31,3,0,0
BRDA:32,4,0,0
BRDA:37,5,0,0
BRDA:37,5,1,0
BRDA:38,6,0,0
BRDA:38,6,1,0
BRDA:67,7,0,0
BRDA:143,8,0,0
BRDA:147,9,0,0
BRDA:147,9,1,0
BRDA:150,10,0,0
BRDA:167,11,0,0
BRDA:167,12,0,0
BRDA:167,12,1,0
BRDA:184,13,0,0
BRF:18
BRH:0
end_of_record
TN:
SF:src\services\notification.service.ts
FN:26,(anonymous_1)
FN:58,(anonymous_2)
FN:86,(anonymous_3)
FN:107,(anonymous_4)
FN:126,(anonymous_5)
FN:146,(anonymous_6)
FN:158,(anonymous_7)
FN:171,(anonymous_8)
FN:187,(anonymous_9)
FNF:9
FNH:0
FNDA:0,(anonymous_1)
FNDA:0,(anonymous_2)
FNDA:0,(anonymous_3)
FNDA:0,(anonymous_4)
FNDA:0,(anonymous_5)
FNDA:0,(anonymous_6)
FNDA:0,(anonymous_7)
FNDA:0,(anonymous_8)
FNDA:0,(anonymous_9)
DA:2,0
DA:4,0
DA:5,0
DA:22,0
DA:27,0
DA:46,0
DA:52,0
DA:59,0
DA:63,0
DA:64,0
DA:65,0
DA:66,0
DA:67,0
DA:69,0
DA:70,0
DA:74,0
DA:80,0
DA:87,0
DA:94,0
DA:95,0
DA:101,0
DA:108,0
DA:110,0
DA:118,0
DA:120,0
DA:127,0
DA:138,0
DA:140,0
DA:147,0
DA:159,0
DA:161,0
DA:165,0
DA:172,0
DA:179,0
DA:181,0
DA:188,0
DA:191,0
DA:192,0
DA:197,0
DA:211,0
DA:216,0
DA:218,0
DA:222,0
DA:227,0
LF:44
LH:0
BRDA:32,0,0,0
BRDA:32,0,1,0
BRDA:34,1,0,0
BRDA:34,1,1,0
BRDA:35,2,0,0
BRDA:35,2,1,0
BRDA:36,3,0,0
BRDA:36,3,1,0
BRDA:41,4,0,0
BRDA:41,4,1,0
BRDA:42,5,0,0
BRDA:42,5,1,0
BRDA:63,6,0,0
BRDA:64,7,0,0
BRDA:65,8,0,0
BRDA:66,9,0,0
BRDA:69,10,0,0
BRDA:94,11,0,0
BRDA:191,12,0,0
BRF:19
BRH:0
end_of_record
TN:
SF:src\services\onboarding.service.ts
FN:49,(anonymous_1)
FN:65,(anonymous_2)
FN:67,(anonymous_3)
FN:68,(anonymous_4)
FN:72,(anonymous_5)
FN:135,(anonymous_6)
FN:160,(anonymous_7)
FN:165,(anonymous_8)
FN:166,(anonymous_9)
FN:170,(anonymous_10)
FN:199,(anonymous_11)
FN:200,(anonymous_12)
FN:244,(anonymous_13)
FN:351,(anonymous_14)
FN:372,(anonymous_15)
FN:373,(anonymous_16)
FN:378,(anonymous_17)
FN:395,(anonymous_18)
FN:396,(anonymous_19)
FN:436,(anonymous_20)
FN:441,(anonymous_21)
FN:442,(anonymous_22)
FN:446,(anonymous_23)
FN:552,(anonymous_24)
FN:558,(anonymous_25)
FN:589,(anonymous_26)
FN:591,(anonymous_27)
FN:592,(anonymous_28)
FN:596,(anonymous_29)
FN:653,(anonymous_30)
FN:675,(anonymous_31)
FN:740,(anonymous_32)
FNF:32
FNH:0
FNDA:0,(anonymous_1)
FNDA:0,(anonymous_2)
FNDA:0,(anonymous_3)
FNDA:0,(anonymous_4)
FNDA:0,(anonymous_5)
FNDA:0,(anonymous_6)
FNDA:0,(anonymous_7)
FNDA:0,(anonymous_8)
FNDA:0,(anonymous_9)
FNDA:0,(anonymous_10)
FNDA:0,(anonymous_11)
FNDA:0,(anonymous_12)
FNDA:0,(anonymous_13)
FNDA:0,(anonymous_14)
FNDA:0,(anonymous_15)
FNDA:0,(anonymous_16)
FNDA:0,(anonymous_17)
FNDA:0,(anonymous_18)
FNDA:0,(anonymous_19)
FNDA:0,(anonymous_20)
FNDA:0,(anonymous_21)
FNDA:0,(anonymous_22)
FNDA:0,(anonymous_23)
FNDA:0,(anonymous_24)
FNDA:0,(anonymous_25)
FNDA:0,(anonymous_26)
FNDA:0,(anonymous_27)
FNDA:0,(anonymous_28)
FNDA:0,(anonymous_29)
FNDA:0,(anonymous_30)
FNDA:0,(anonymous_31)
FNDA:0,(anonymous_32)
DA:2,0
DA:3,0
DA:5,0
DA:6,0
DA:7,0
DA:9,0
DA:48,0
DA:50,0
DA:51,0
DA:53,0
DA:54,0
DA:55,0
DA:56,0
DA:58,0
DA:66,0
DA:67,0
DA:68,0
DA:74,0
DA:88,0
DA:89,0
DA:96,0
DA:99,0
DA:102,0
DA:103,0
DA:106,0
DA:108,0
DA:111,0
DA:112,0
DA:113,0
DA:114,0
DA:115,0
DA:116,0
DA:117,0
DA:120,0
DA:136,0
DA:137,0
DA:139,0
DA:140,0
DA:141,0
DA:142,0
DA:143,0
DA:145,0
DA:146,0
DA:147,0
DA:148,0
DA:150,0
DA:164,0
DA:165,0
DA:166,0
DA:175,0
DA:178,0
DA:183,0
DA:184,0
DA:190,0
DA:191,0
DA:199,0
DA:200,0
DA:202,0
DA:216,0
DA:218,0
DA:224,0
DA:225,0
DA:226,0
DA:228,0
DA:231,0
DA:240,0
DA:244,0
DA:245,0
DA:248,0
DA:251,0
DA:256,0
DA:257,0
DA:258,0
DA:259,0
DA:276,0
DA:277,0
DA:278,0
DA:279,0
DA:295,0
DA:296,0
DA:297,0
DA:298,0
DA:314,0
DA:318,0
DA:319,0
DA:335,0
DA:343,0
DA:345,0
DA:354,0
DA:356,0
DA:358,0
DA:369,0
DA:370,0
DA:372,0
DA:373,0
DA:375,0
DA:378,0
DA:379,0
DA:382,0
DA:383,0
DA:384,0
DA:385,0
DA:395,0
DA:396,0
DA:398,0
DA:399,0
DA:400,0
DA:401,0
DA:409,0
DA:410,0
DA:411,0
DA:412,0
DA:421,0
DA:422,0
DA:423,0
DA:426,0
DA:427,0
DA:440,0
DA:441,0
DA:442,0
DA:447,0
DA:450,0
DA:454,0
DA:455,0
DA:462,0
DA:467,0
DA:468,0
DA:474,0
DA:475,0
DA:476,0
DA:484,0
DA:486,0
DA:496,0
DA:499,0
DA:512,0
DA:516,0
DA:522,0
DA:531,0
DA:539,0
DA:544,0
DA:553,0
DA:555,0
DA:556,0
DA:558,0
DA:560,0
DA:561,0
DA:562,0
DA:565,0
DA:566,0
DA:568,0
DA:575,0
DA:576,0
DA:578,0
DA:590,0
DA:591,0
DA:592,0
DA:597,0
DA:601,0
DA:602,0
DA:608,0
DA:609,0
DA:616,0
DA:619,0
DA:620,0
DA:632,0
DA:638,0
DA:646,0
DA:648,0
DA:654,0
DA:655,0
DA:656,0
DA:658,0
DA:659,0
DA:660,0
DA:668,0
DA:669,0
DA:685,0
DA:689,0
DA:690,0
DA:696,0
DA:697,0
DA:698,0
DA:701,0
DA:732,0
DA:748,0
DA:749,0
DA:760,0
DA:765,0
LF:188
LH:0
BRDA:53,0,0,0
BRDA:53,0,1,0
BRDA:54,1,0,0
BRDA:88,2,0,0
BRDA:102,3,0,0
BRDA:102,3,1,0
BRDA:103,4,0,0
BRDA:103,4,1,0
BRDA:112,5,0,0
BRDA:112,5,1,0
BRDA:114,6,0,0
BRDA:114,6,1,0
BRDA:116,7,0,0
BRDA:137,8,0,0
BRDA:142,9,0,0
BRDA:142,9,1,0
BRDA:146,10,0,0
BRDA:146,10,1,0
BRDA:147,11,0,0
BRDA:147,11,1,0
BRDA:148,12,0,0
BRDA:183,13,0,0
BRDA:183,14,0,0
BRDA:183,14,1,0
BRDA:190,15,0,0
BRDA:199,16,0,0
BRDA:199,16,1,0
BRDA:200,17,0,0
BRDA:200,17,1,0
BRDA:207,18,0,0
BRDA:207,18,1,0
BRDA:208,19,0,0
BRDA:208,19,1,0
BRDA:209,20,0,0
BRDA:209,20,1,0
BRDA:210,21,0,0
BRDA:210,21,1,0
BRDA:211,22,0,0
BRDA:211,22,1,0
BRDA:216,23,0,0
BRDA:216,23,1,0
BRDA:245,24,0,0
BRDA:245,24,1,0
BRDA:256,25,0,0
BRDA:256,26,0,0
BRDA:256,26,1,0
BRDA:258,27,0,0
BRDA:258,27,1,0
BRDA:263,28,0,0
BRDA:263,28,1,0
BRDA:269,29,0,0
BRDA:269,29,1,0
BRDA:276,30,0,0
BRDA:276,31,0,0
BRDA:276,31,1,0
BRDA:276,31,2,0
BRDA:278,32,0,0
BRDA:278,32,1,0
BRDA:288,33,0,0
BRDA:288,33,1,0
BRDA:295,34,0,0
BRDA:295,35,0,0
BRDA:295,35,1,0
BRDA:295,35,2,0
BRDA:297,36,0,0
BRDA:297,36,1,0
BRDA:307,37,0,0
BRDA:307,37,1,0
BRDA:318,38,0,0
BRDA:337,39,0,0
BRDA:337,39,1,0
BRDA:347,40,0,0
BRDA:347,40,1,0
BRDA:360,41,0,0
BRDA:360,41,1,0
BRDA:363,42,0,0
BRDA:363,42,1,0
BRDA:364,43,0,0
BRDA:364,43,1,0
BRDA:365,44,0,0
BRDA:365,44,1,0
BRDA:369,45,0,0
BRDA:369,45,1,0
BRDA:373,46,0,0
BRDA:373,46,1,0
BRDA:379,47,0,0
BRDA:379,47,1,0
BRDA:382,48,0,0
BRDA:382,49,0,0
BRDA:382,49,1,0
BRDA:384,50,0,0
BRDA:384,50,1,0
BRDA:386,51,0,0
BRDA:386,51,1,0
BRDA:389,52,0,0
BRDA:389,52,1,0
BRDA:398,53,0,0
BRDA:398,54,0,0
BRDA:398,54,1,0
BRDA:398,54,2,0
BRDA:400,55,0,0
BRDA:400,55,1,0
BRDA:404,56,0,0
BRDA:404,56,1,0
BRDA:409,57,0,0
BRDA:409,58,0,0
BRDA:409,58,1,0
BRDA:409,58,2,0
BRDA:411,59,0,0
BRDA:411,59,1,0
BRDA:415,60,0,0
BRDA:415,60,1,0
BRDA:422,61,0,0
BRDA:429,62,0,0
BRDA:429,62,1,0
BRDA:454,63,0,0
BRDA:467,64,0,0
BRDA:475,65,0,0
BRDA:484,66,0,0
BRDA:484,66,1,0
BRDA:493,67,0,0
BRDA:493,67,1,0
BRDA:509,68,0,0
BRDA:509,68,1,0
BRDA:524,69,0,0
BRDA:524,69,1,0
BRDA:546,70,0,0
BRDA:546,70,1,0
BRDA:556,71,0,0
BRDA:560,72,0,0
BRDA:562,73,0,0
BRDA:565,74,0,0
BRDA:565,74,1,0
BRDA:566,75,0,0
BRDA:566,75,1,0
BRDA:571,76,0,0
BRDA:571,76,1,0
BRDA:580,77,0,0
BRDA:580,77,1,0
BRDA:601,78,0,0
BRDA:608,79,0,0
BRDA:619,80,0,0
BRDA:655,81,0,0
BRDA:656,82,0,0
BRDA:659,83,0,0
BRDA:689,84,0,0
BRDA:751,85,0,0
BRDA:751,85,1,0
BRF:148
BRH:0
end_of_record
TN:
SF:src\services\otp.service.ts
FN:34,(anonymous_1)
FN:51,(anonymous_2)
FN:58,(anonymous_3)
FN:105,(anonymous_4)
FN:128,(anonymous_5)
FN:135,(anonymous_6)
FN:220,(anonymous_7)
FN:278,(anonymous_8)
FN:357,(anonymous_9)
FN:376,(anonymous_10)
FN:393,(anonymous_11)
FN:428,(anonymous_12)
FN:441,(anonymous_13)
FN:484,(anonymous_14)
FNF:14
FNH:0
FNDA:0,(anonymous_1)
FNDA:0,(anonymous_2)
FNDA:0,(anonymous_3)
FNDA:0,(anonymous_4)
FNDA:0,(anonymous_5)
FNDA:0,(anonymous_6)
FNDA:0,(anonymous_7)
FNDA:0,(anonymous_8)
FNDA:0,(anonymous_9)
FNDA:0,(anonymous_10)
FNDA:0,(anonymous_11)
FNDA:0,(anonymous_12)
FNDA:0,(anonymous_13)
FNDA:0,(anonymous_14)
DA:2,0
DA:3,0
DA:4,0
DA:5,0
DA:6,0
DA:7,0
DA:9,0
DA:33,0
DA:35,0
DA:36,0
DA:38,0
DA:39,0
DA:40,0
DA:41,0
DA:42,0
DA:44,0
DA:52,0
DA:55,0
DA:57,0
DA:60,0
DA:61,0
DA:62,0
DA:63,0
DA:71,0
DA:74,0
DA:77,0
DA:79,0
DA:93,0
DA:100,0
DA:106,0
DA:107,0
DA:108,0
DA:117,0
DA:123,0
DA:129,0
DA:132,0
DA:134,0
DA:137,0
DA:150,0
DA:151,0
DA:152,0
DA:159,0
DA:160,0
DA:161,0
DA:168,0
DA:169,0
DA:170,0
DA:177,0
DA:179,0
DA:184,0
DA:191,0
DA:201,0
DA:209,0
DA:215,0
DA:221,0
DA:222,0
DA:223,0
DA:224,0
DA:230,0
DA:231,0
DA:232,0
DA:238,0
DA:239,0
DA:240,0
DA:246,0
DA:247,0
DA:248,0
DA:254,0
DA:263,0
DA:264,0
DA:270,0
DA:279,0
DA:282,0
DA:285,0
DA:296,0
DA:298,0
DA:311,0
DA:315,0
DA:324,0
DA:325,0
DA:327,0
DA:337,0
DA:338,0
DA:340,0
DA:348,0
DA:358,0
DA:370,0
DA:377,0
DA:386,0
DA:387,0
DA:399,0
DA:401,0
DA:428,0
DA:430,0
DA:442,0
DA:443,0
DA:447,0
DA:448,0
DA:451,0
DA:456,0
DA:467,0
DA:468,0
DA:470,0
DA:474,0
DA:490,0
DA:493,0
DA:496,0
DA:498,0
DA:507,0
LF:109
LH:0
BRDA:38,0,0,0
BRDA:38,0,1,0
BRDA:40,1,0,0
BRDA:61,2,0,0
BRDA:140,3,0,0
BRDA:140,3,1,0
BRDA:150,4,0,0
BRDA:159,5,0,0
BRDA:168,6,0,0
BRDA:177,7,0,0
BRDA:217,8,0,0
BRDA:217,8,1,0
BRDA:222,9,0,0
BRDA:230,10,0,0
BRDA:238,11,0,0
BRDA:246,12,0,0
BRDA:296,13,0,0
BRDA:311,14,0,0
BRDA:311,14,1,0
BRDA:337,15,0,0
BRDA:447,16,0,0
BRDA:472,17,0,0
BRDA:472,17,1,0
BRDA:502,18,0,0
BRDA:502,18,1,0
BRF:25
BRH:0
end_of_record
TN:
SF:src\services\transaction.service.ts
FN:22,(anonymous_1)
FN:44,(anonymous_2)
FN:56,(anonymous_3)
FN:70,(anonymous_4)
FN:81,(anonymous_5)
FNF:5
FNH:0
FNDA:0,(anonymous_1)
FNDA:0,(anonymous_2)
FNDA:0,(anonymous_3)
FNDA:0,(anonymous_4)
FNDA:0,(anonymous_5)
DA:1,0
DA:2,0
DA:17,0
DA:23,0
DA:45,0
DA:57,0
DA:70,0
DA:71,0
DA:72,0
DA:74,0
DA:82,0
DA:93,0
LF:12
LH:0
BRDA:34,0,0,0
BRDA:34,0,1,0
BRDA:71,1,0,0
BRDA:72,2,0,0
BRDA:72,2,1,0
BRDA:93,3,0,0
BRDA:93,3,1,0
BRF:7
BRH:0
end_of_record
TN:
SF:src\services\user.service.ts
FN:45,(anonymous_1)
FN:62,(anonymous_2)
FN:64,(anonymous_3)
FN:85,(anonymous_4)
FN:115,(anonymous_5)
FN:117,(anonymous_6)
FN:120,(anonymous_7)
FN:144,(anonymous_8)
FN:146,(anonymous_9)
FN:156,(anonymous_10)
FN:184,(anonymous_11)
FN:186,(anonymous_12)
FN:190,(anonymous_13)
FN:192,(anonymous_14)
FN:217,(anonymous_15)
FN:221,(anonymous_16)
FN:267,(anonymous_17)
FN:318,(anonymous_18)
FN:322,(anonymous_19)
FN:344,(anonymous_20)
FN:379,(anonymous_21)
FN:383,(anonymous_22)
FN:410,(anonymous_23)
FN:452,(anonymous_24)
FN:454,(anonymous_25)
FN:465,(anonymous_26)
FN:479,(anonymous_27)
FN:481,(anonymous_28)
FN:493,(anonymous_29)
FN:504,(anonymous_30)
FN:534,(anonymous_31)
FN:538,(anonymous_32)
FN:578,(anonymous_33)
FN:610,(anonymous_34)
FN:612,(anonymous_35)
FN:678,(anonymous_36)
FN:708,(anonymous_37)
FN:718,(anonymous_38)
FN:776,(anonymous_39)
FN:805,(anonymous_40)
FNF:40
FNH:0
FNDA:0,(anonymous_1)
FNDA:0,(anonymous_2)
FNDA:0,(anonymous_3)
FNDA:0,(anonymous_4)
FNDA:0,(anonymous_5)
FNDA:0,(anonymous_6)
FNDA:0,(anonymous_7)
FNDA:0,(anonymous_8)
FNDA:0,(anonymous_9)
FNDA:0,(anonymous_10)
FNDA:0,(anonymous_11)
FNDA:0,(anonymous_12)
FNDA:0,(anonymous_13)
FNDA:0,(anonymous_14)
FNDA:0,(anonymous_15)
FNDA:0,(anonymous_16)
FNDA:0,(anonymous_17)
FNDA:0,(anonymous_18)
FNDA:0,(anonymous_19)
FNDA:0,(anonymous_20)
FNDA:0,(anonymous_21)
FNDA:0,(anonymous_22)
FNDA:0,(anonymous_23)
FNDA:0,(anonymous_24)
FNDA:0,(anonymous_25)
FNDA:0,(anonymous_26)
FNDA:0,(anonymous_27)
FNDA:0,(anonymous_28)
FNDA:0,(anonymous_29)
FNDA:0,(anonymous_30)
FNDA:0,(anonymous_31)
FNDA:0,(anonymous_32)
FNDA:0,(anonymous_33)
FNDA:0,(anonymous_34)
FNDA:0,(anonymous_35)
FNDA:0,(anonymous_36)
FNDA:0,(anonymous_37)
FNDA:0,(anonymous_38)
FNDA:0,(anonymous_39)
FNDA:0,(anonymous_40)
DA:2,0
DA:4,0
DA:5,0
DA:6,0
DA:7,0
DA:9,0
DA:44,0
DA:46,0
DA:47,0
DA:49,0
DA:50,0
DA:51,0
DA:52,0
DA:53,0
DA:55,0
DA:63,0
DA:65,0
DA:76,0
DA:77,0
DA:83,0
DA:86,0
DA:87,0
DA:88,0
DA:94,0
DA:116,0
DA:117,0
DA:121,0
DA:122,0
DA:123,0
DA:145,0
DA:147,0
DA:154,0
DA:157,0
DA:158,0
DA:159,0
DA:185,0
DA:186,0
DA:191,0
DA:192,0
DA:218,0
DA:220,0
DA:222,0
DA:224,0
DA:225,0
DA:231,0
DA:250,0
DA:259,0
DA:265,0
DA:268,0
DA:269,0
DA:272,0
DA:273,0
DA:276,0
DA:293,0
DA:319,0
DA:321,0
DA:323,0
DA:324,0
DA:325,0
DA:326,0
DA:328,0
DA:333,0
DA:341,0
DA:342,0
DA:345,0
DA:346,0
DA:347,0
DA:349,0
DA:355,0
DA:356,0
DA:358,0
DA:380,0
DA:382,0
DA:384,0
DA:385,0
DA:386,0
DA:388,0
DA:392,0
DA:397,0
DA:406,0
DA:408,0
DA:411,0
DA:412,0
DA:413,0
DA:419,0
DA:424,0
DA:425,0
DA:431,0
DA:453,0
DA:455,0
DA:459,0
DA:460,0
DA:463,0
DA:466,0
DA:467,0
DA:468,0
DA:470,0
DA:471,0
DA:480,0
DA:482,0
DA:484,0
DA:489,0
DA:491,0
DA:494,0
DA:495,0
DA:496,0
DA:505,0
DA:535,0
DA:537,0
DA:539,0
DA:543,0
DA:544,0
DA:550,0
DA:551,0
DA:552,0
DA:558,0
DA:560,0
DA:565,0
DA:572,0
DA:574,0
DA:579,0
DA:580,0
DA:581,0
DA:587,0
DA:588,0
DA:589,0
DA:595,0
DA:596,0
DA:598,0
DA:600,0
DA:611,0
DA:613,0
DA:617,0
DA:618,0
DA:624,0
DA:625,0
DA:626,0
DA:632,0
DA:640,0
DA:655,0
DA:665,0
DA:672,0
DA:674,0
DA:679,0
DA:680,0
DA:681,0
DA:687,0
DA:688,0
DA:689,0
DA:695,0
DA:696,0
DA:698,0
DA:717,0
DA:719,0
DA:723,0
DA:724,0
DA:737,0
DA:762,0
DA:766,0
DA:777,0
DA:778,0
DA:779,0
DA:785,0
DA:789,0
DA:813,0
DA:814,0
DA:825,0
DA:830,0
LF:168
LH:0
BRDA:49,0,0,0
BRDA:49,0,1,0
BRDA:51,1,0,0
BRDA:76,2,0,0
BRDA:87,3,0,0
BRDA:122,4,0,0
BRDA:158,5,0,0
BRDA:224,6,0,0
BRDA:234,7,0,0
BRDA:234,7,1,0
BRDA:234,7,2,0
BRDA:235,8,0,0
BRDA:235,8,1,0
BRDA:235,8,2,0
BRDA:236,9,0,0
BRDA:236,9,1,0
BRDA:237,10,0,0
BRDA:237,10,1,0
BRDA:237,10,2,0
BRDA:238,11,0,0
BRDA:238,11,1,0
BRDA:239,12,0,0
BRDA:239,12,1,0
BRDA:240,13,0,0
BRDA:240,13,1,0
BRDA:240,13,2,0
BRDA:241,14,0,0
BRDA:241,14,1,0
BRDA:241,14,2,0
BRDA:242,15,0,0
BRDA:242,15,1,0
BRDA:243,16,0,0
BRDA:243,16,1,0
BRDA:269,17,0,0
BRDA:269,17,1,0
BRDA:272,18,0,0
BRDA:280,19,0,0
BRDA:280,19,1,0
BRDA:281,20,0,0
BRDA:281,20,1,0
BRDA:282,21,0,0
BRDA:282,21,1,0
BRDA:283,22,0,0
BRDA:283,22,1,0
BRDA:284,23,0,0
BRDA:284,23,1,0
BRDA:285,24,0,0
BRDA:285,24,1,0
BRDA:286,25,0,0
BRDA:286,25,1,0
BRDA:324,26,0,0
BRDA:325,27,0,0
BRDA:326,28,0,0
BRDA:346,29,0,0
BRDA:351,30,0,0
BRDA:351,30,1,0
BRDA:352,31,0,0
BRDA:352,31,1,0
BRDA:353,32,0,0
BRDA:353,32,1,0
BRDA:355,33,0,0
BRDA:385,34,0,0
BRDA:386,35,0,0
BRDA:412,36,0,0
BRDA:420,37,0,0
BRDA:420,37,1,0
BRDA:421,38,0,0
BRDA:421,38,1,0
BRDA:424,39,0,0
BRDA:459,40,0,0
BRDA:467,41,0,0
BRDA:543,42,0,0
BRDA:551,43,0,0
BRDA:580,44,0,0
BRDA:588,45,0,0
BRDA:617,46,0,0
BRDA:625,47,0,0
BRDA:680,48,0,0
BRDA:688,49,0,0
BRDA:723,50,0,0
BRDA:770,51,0,0
BRDA:770,51,1,0
BRDA:771,52,0,0
BRDA:771,52,1,0
BRDA:772,53,0,0
BRDA:772,53,1,0
BRDA:778,54,0,0
BRF:87
BRH:0
end_of_record
TN:
SF:src\types\api.types.ts
FN:54,(anonymous_0)
FN:159,(anonymous_1)
FN:180,(anonymous_2)
FN:196,(anonymous_3)
FN:270,(anonymous_4)
FN:290,(anonymous_5)
FNF:6
FNH:0
FNDA:0,(anonymous_0)
FNDA:0,(anonymous_1)
FNDA:0,(anonymous_2)
FNDA:0,(anonymous_3)
FNDA:0,(anonymous_4)
FNDA:0,(anonymous_5)
DA:54,0
DA:56,0
DA:57,0
DA:58,0
DA:61,0
DA:62,0
DA:63,0
DA:64,0
DA:65,0
DA:66,0
DA:67,0
DA:68,0
DA:71,0
DA:72,0
DA:75,0
DA:76,0
DA:77,0
DA:80,0
DA:81,0
DA:84,0
DA:85,0
DA:86,0
DA:87,0
DA:88,0
DA:91,0
DA:92,0
DA:93,0
DA:94,0
DA:95,0
DA:96,0
DA:99,0
DA:100,0
DA:101,0
DA:102,0
DA:105,0
DA:106,0
DA:107,0
DA:111,0
DA:159,0
DA:166,0
DA:180,0
DA:186,0
DA:196,0
DA:201,0
DA:270,0
DA:271,0
DA:272,0
DA:273,0
DA:274,0
DA:275,0
DA:276,0
DA:277,0
DA:290,0
DA:291,0
DA:292,0
DA:293,0
DA:294,0
DA:295,0
DA:296,0
LF:59
LH:0
BRDA:54,0,0,0
BRDA:54,0,1,0
BRDA:174,1,0,0
BRDA:174,1,1,0
BRDA:191,2,0,0
BRDA:191,2,1,0
BRDA:270,3,0,0
BRDA:270,3,1,0
BRDA:290,4,0,0
BRDA:290,4,1,0
BRF:10
BRH:0
end_of_record
TN:
SF:src\utils\AppError.ts
FN:13,(anonymous_0)
FN:36,(anonymous_1)
FN:43,(anonymous_2)
FN:50,(anonymous_3)
FN:57,(anonymous_4)
FN:64,(anonymous_5)
FN:71,(anonymous_6)
FN:78,(anonymous_7)
FN:85,(anonymous_8)
FN:92,(anonymous_9)
FN:99,(anonymous_10)
FN:106,(anonymous_11)
FN:121,(anonymous_12)
FNF:13
FNH:0
FNDA:0,(anonymous_0)
FNDA:0,(anonymous_1)
FNDA:0,(anonymous_2)
FNDA:0,(anonymous_3)
FNDA:0,(anonymous_4)
FNDA:0,(anonymous_5)
FNDA:0,(anonymous_6)
FNDA:0,(anonymous_7)
FNDA:0,(anonymous_8)
FNDA:0,(anonymous_9)
FNDA:0,(anonymous_10)
FNDA:0,(anonymous_11)
FNDA:0,(anonymous_12)
DA:1,0
DA:7,0
DA:19,0
DA:20,0
DA:21,0
DA:22,0
DA:23,0
DA:26,0
DA:27,0
DA:30,0
DA:37,0
DA:44,0
DA:51,0
DA:58,0
DA:65,0
DA:72,0
DA:79,0
DA:86,0
DA:93,0
DA:100,0
DA:107,0
DA:121,0
DA:122,0
DA:125,0
LF:24
LH:0
BRDA:17,0,0,0
BRDA:21,1,0,0
BRDA:21,1,1,0
BRDA:26,2,0,0
BRDA:112,3,0,0
BRDA:112,3,1,0
BRDA:122,4,0,0
BRDA:122,4,1,0
BRF:8
BRH:0
end_of_record
TN:
SF:src\utils\constants.ts
FNF:0
FNH:0
DA:2,0
DA:10,0
DA:19,0
DA:30,0
DA:40,0
DA:48,0
DA:68,0
DA:76,0
DA:84,0
DA:93,0
DA:104,0
DA:122,0
DA:129,0
DA:161,0
DA:167,0
DA:173,0
DA:181,0
DA:189,0
DA:196,0
DA:204,0
DA:224,0
DA:242,0
DA:273,0
DA:283,0
DA:303,0
DA:312,0
DA:322,0
DA:333,0
DA:346,0
DA:353,0
DA:361,0
LF:31
LH:0
BRF:0
BRH:0
end_of_record
TN:
SF:src\utils\devStore.ts
FN:4,(anonymous_1)
FN:188,(anonymous_2)
FN:191,(anonymous_3)
FN:206,(anonymous_4)
FN:211,(anonymous_5)
FN:224,(anonymous_6)
FN:227,(anonymous_7)
FN:230,(anonymous_8)
FN:232,(anonymous_9)
FN:235,(anonymous_10)
FN:238,(anonymous_11)
FN:245,(anonymous_12)
FN:247,(anonymous_13)
FN:254,(anonymous_14)
FN:267,(anonymous_15)
FN:271,(anonymous_16)
FN:272,(anonymous_17)
FN:275,(anonymous_18)
FN:277,(anonymous_19)
FN:284,(anonymous_20)
FN:286,(anonymous_21)
FN:292,(anonymous_22)
FN:304,(anonymous_23)
FN:306,(anonymous_24)
FN:309,(anonymous_25)
FN:311,(anonymous_26)
FN:311,(anonymous_27)
FN:314,(anonymous_28)
FN:316,(anonymous_29)
FN:319,(anonymous_30)
FN:321,(anonymous_31)
FN:324,(anonymous_32)
FN:360,(anonymous_33)
FN:373,(anonymous_34)
FN:375,(anonymous_35)
FN:378,(anonymous_36)
FN:380,(anonymous_37)
FN:383,(anonymous_38)
FN:385,(anonymous_39)
FN:397,(anonymous_40)
FN:399,(anonymous_41)
FN:406,(anonymous_42)
FN:412,(anonymous_43)
FN:418,(anonymous_44)
FN:426,(anonymous_45)
FN:428,(anonymous_46)
FN:431,(anonymous_47)
FN:433,(anonymous_48)
FN:440,(anonymous_49)
FN:442,(anonymous_50)
FN:446,(anonymous_51)
FN:454,(anonymous_52)
FN:456,(anonymous_53)
FN:460,(anonymous_54)
FN:462,(anonymous_55)
FN:466,(anonymous_56)
FN:474,(anonymous_57)
FN:476,(anonymous_58)
FN:480,(anonymous_59)
FN:482,(anonymous_60)
FN:486,(anonymous_61)
FN:491,(anonymous_62)
FN:493,(anonymous_63)
FN:505,(anonymous_64)
FN:507,(anonymous_65)
FNF:65
FNH:0
FNDA:0,(anonymous_1)
FNDA:0,(anonymous_2)
FNDA:0,(anonymous_3)
FNDA:0,(anonymous_4)
FNDA:0,(anonymous_5)
FNDA:0,(anonymous_6)
FNDA:0,(anonymous_7)
FNDA:0,(anonymous_8)
FNDA:0,(anonymous_9)
FNDA:0,(anonymous_10)
FNDA:0,(anonymous_11)
FNDA:0,(anonymous_12)
FNDA:0,(anonymous_13)
FNDA:0,(anonymous_14)
FNDA:0,(anonymous_15)
FNDA:0,(anonymous_16)
FNDA:0,(anonymous_17)
FNDA:0,(anonymous_18)
FNDA:0,(anonymous_19)
FNDA:0,(anonymous_20)
FNDA:0,(anonymous_21)
FNDA:0,(anonymous_22)
FNDA:0,(anonymous_23)
FNDA:0,(anonymous_24)
FNDA:0,(anonymous_25)
FNDA:0,(anonymous_26)
FNDA:0,(anonymous_27)
FNDA:0,(anonymous_28)
FNDA:0,(anonymous_29)
FNDA:0,(anonymous_30)
FNDA:0,(anonymous_31)
FNDA:0,(anonymous_32)
FNDA:0,(anonymous_33)
FNDA:0,(anonymous_34)
FNDA:0,(anonymous_35)
FNDA:0,(anonymous_36)
FNDA:0,(anonymous_37)
FNDA:0,(anonymous_38)
FNDA:0,(anonymous_39)
FNDA:0,(anonymous_40)
FNDA:0,(anonymous_41)
FNDA:0,(anonymous_42)
FNDA:0,(anonymous_43)
FNDA:0,(anonymous_44)
FNDA:0,(anonymous_45)
FNDA:0,(anonymous_46)
FNDA:0,(anonymous_47)
FNDA:0,(anonymous_48)
FNDA:0,(anonymous_49)
FNDA:0,(anonymous_50)
FNDA:0,(anonymous_51)
FNDA:0,(anonymous_52)
FNDA:0,(anonymous_53)
FNDA:0,(anonymous_54)
FNDA:0,(anonymous_55)
FNDA:0,(anonymous_56)
FNDA:0,(anonymous_57)
FNDA:0,(anonymous_58)
FNDA:0,(anonymous_59)
FNDA:0,(anonymous_60)
FNDA:0,(anonymous_61)
FNDA:0,(anonymous_62)
FNDA:0,(anonymous_63)
FNDA:0,(anonymous_64)
FNDA:0,(anonymous_65)
DA:1,0
DA:2,0
DA:4,0
DA:5,0
DA:6,0
DA:7,0
DA:9,0
DA:10,0
DA:12,0
DA:13,0
DA:15,0
DA:188,0
DA:189,0
DA:191,0
DA:192,0
DA:193,0
DA:196,0
DA:197,0
DA:199,0
DA:200,0
DA:201,0
DA:202,0
DA:203,0
DA:206,0
DA:207,0
DA:210,0
DA:212,0
DA:213,0
DA:219,0
DA:220,0
DA:221,0
DA:225,0
DA:226,0
DA:227,0
DA:231,0
DA:232,0
DA:236,0
DA:237,0
DA:238,0
DA:239,0
DA:240,0
DA:241,0
DA:242,0
DA:246,0
DA:247,0
DA:248,0
DA:249,0
DA:250,0
DA:251,0
DA:255,0
DA:256,0
DA:262,0
DA:263,0
DA:264,0
DA:268,0
DA:269,0
DA:270,0
DA:271,0
DA:272,0
DA:276,0
DA:277,0
DA:278,0
DA:279,0
DA:280,0
DA:281,0
DA:285,0
DA:286,0
DA:287,0
DA:288,0
DA:289,0
DA:293,0
DA:294,0
DA:299,0
DA:300,0
DA:301,0
DA:305,0
DA:306,0
DA:310,0
DA:311,0
DA:315,0
DA:316,0
DA:320,0
DA:321,0
DA:322,0
DA:323,0
DA:324,0
DA:325,0
DA:326,0
DA:329,0
DA:355,0
DA:356,0
DA:357,0
DA:361,0
DA:362,0
DA:368,0
DA:369,0
DA:370,0
DA:374,0
DA:375,0
DA:379,0
DA:380,0
DA:384,0
DA:385,0
DA:386,0
DA:387,0
DA:388,0
DA:389,0
DA:390,0
DA:391,0
DA:394,0
DA:398,0
DA:399,0
DA:400,0
DA:401,0
DA:402,0
DA:403,0
DA:410,0
DA:411,0
DA:412,0
DA:414,0
DA:419,0
DA:420,0
DA:421,0
DA:422,0
DA:423,0
DA:427,0
DA:428,0
DA:432,0
DA:433,0
DA:434,0
DA:435,0
DA:436,0
DA:437,0
DA:441,0
DA:442,0
DA:447,0
DA:448,0
DA:449,0
DA:450,0
DA:451,0
DA:455,0
DA:456,0
DA:457,0
DA:461,0
DA:462,0
DA:467,0
DA:468,0
DA:469,0
DA:470,0
DA:471,0
DA:475,0
DA:476,0
DA:477,0
DA:481,0
DA:482,0
DA:487,0
DA:488,0
DA:492,0
DA:493,0
DA:494,0
DA:495,0
DA:496,0
DA:497,0
DA:499,0
DA:500,0
DA:501,0
DA:502,0
DA:506,0
DA:507,0
DA:508,0
DA:509,0
DA:510,0
DA:511,0
LF:173
LH:0
BRDA:6,0,0,0
BRDA:9,1,0,0
BRDA:12,2,0,0
BRDA:12,3,0,0
BRDA:12,3,1,0
BRDA:188,4,0,0
BRDA:189,5,0,0
BRDA:189,5,1,0
BRDA:192,6,0,0
BRDA:199,7,0,0
BRDA:200,8,0,0
BRDA:201,9,0,0
BRDA:202,10,0,0
BRDA:239,11,0,0
BRDA:248,12,0,0
BRDA:271,13,0,0
BRDA:271,13,1,0
BRDA:271,13,2,0
BRDA:278,14,0,0
BRDA:287,15,0,0
BRDA:306,16,0,0
BRDA:306,16,1,0
BRDA:322,17,0,0
BRDA:324,18,0,0
BRDA:324,18,1,0
BRDA:380,19,0,0
BRDA:380,19,1,0
BRDA:386,20,0,0
BRDA:386,21,0,0
BRDA:386,21,1,0
BRDA:400,22,0,0
BRDA:412,23,0,0
BRDA:412,23,1,0
BRDA:428,24,0,0
BRDA:428,24,1,0
BRDA:434,25,0,0
BRDA:440,26,0,0
BRDA:442,27,0,0
BRDA:442,27,1,0
BRDA:442,27,2,0
BRDA:456,28,0,0
BRDA:456,28,1,0
BRDA:460,29,0,0
BRDA:462,30,0,0
BRDA:462,30,1,0
BRDA:462,30,2,0
BRDA:476,31,0,0
BRDA:476,31,1,0
BRDA:480,32,0,0
BRDA:482,33,0,0
BRDA:482,33,1,0
BRDA:482,33,2,0
BRDA:494,34,0,0
BRDA:508,35,0,0
BRF:54
BRH:0
end_of_record
TN:
SF:src\utils\helpers.ts
FN:8,(anonymous_0)
FN:27,(anonymous_1)
FN:46,(anonymous_2)
FN:55,(anonymous_3)
FN:66,(anonymous_4)
FN:79,(anonymous_5)
FN:89,(anonymous_6)
FN:104,(anonymous_7)
FN:111,(anonymous_8)
FN:118,(anonymous_9)
FN:125,(anonymous_10)
FN:133,(anonymous_11)
FN:140,(anonymous_12)
FN:147,(anonymous_13)
FN:156,(anonymous_14)
FN:168,(anonymous_15)
FN:180,(anonymous_16)
FN:187,(anonymous_17)
FN:195,(anonymous_18)
FN:202,(anonymous_19)
FN:212,(anonymous_20)
FN:219,(anonymous_21)
FN:230,(anonymous_22)
FN:237,(anonymous_23)
FN:244,(anonymous_24)
FN:251,(anonymous_25)
FN:259,(anonymous_26)
FN:271,(anonymous_27)
FN:279,(anonymous_28)
FN:286,(anonymous_29)
FN:293,(anonymous_30)
FN:300,(anonymous_31)
FN:307,(anonymous_32)
FN:317,(anonymous_33)
FN:335,(anonymous_34)
FN:342,(anonymous_35)
FN:355,(anonymous_36)
FN:362,(anonymous_37)
FN:377,(anonymous_38)
FN:392,(anonymous_39)
FN:408,(anonymous_40)
FN:415,(anonymous_41)
FN:428,(anonymous_42)
FN:429,(anonymous_43)
FN:442,(anonymous_44)
FN:443,(anonymous_45)
FN:449,(anonymous_46)
FN:459,(anonymous_47)
FN:466,(anonymous_48)
FN:476,(anonymous_49)
FN:483,(anonymous_50)
FN:493,(anonymous_51)
FN:516,(anonymous_52)
FN:517,(anonymous_53)
FN:524,(anonymous_54)
FN:525,(anonymous_55)
FN:529,(anonymous_56)
FNF:57
FNH:0
FNDA:0,(anonymous_0)
FNDA:0,(anonymous_1)
FNDA:0,(anonymous_2)
FNDA:0,(anonymous_3)
FNDA:0,(anonymous_4)
FNDA:0,(anonymous_5)
FNDA:0,(anonymous_6)
FNDA:0,(anonymous_7)
FNDA:0,(anonymous_8)
FNDA:0,(anonymous_9)
FNDA:0,(anonymous_10)
FNDA:0,(anonymous_11)
FNDA:0,(anonymous_12)
FNDA:0,(anonymous_13)
FNDA:0,(anonymous_14)
FNDA:0,(anonymous_15)
FNDA:0,(anonymous_16)
FNDA:0,(anonymous_17)
FNDA:0,(anonymous_18)
FNDA:0,(anonymous_19)
FNDA:0,(anonymous_20)
FNDA:0,(anonymous_21)
FNDA:0,(anonymous_22)
FNDA:0,(anonymous_23)
FNDA:0,(anonymous_24)
FNDA:0,(anonymous_25)
FNDA:0,(anonymous_26)
FNDA:0,(anonymous_27)
FNDA:0,(anonymous_28)
FNDA:0,(anonymous_29)
FNDA:0,(anonymous_30)
FNDA:0,(anonymous_31)
FNDA:0,(anonymous_32)
FNDA:0,(anonymous_33)
FNDA:0,(anonymous_34)
FNDA:0,(anonymous_35)
FNDA:0,(anonymous_36)
FNDA:0,(anonymous_37)
FNDA:0,(anonymous_38)
FNDA:0,(anonymous_39)
FNDA:0,(anonymous_40)
FNDA:0,(anonymous_41)
FNDA:0,(anonymous_42)
FNDA:0,(anonymous_43)
FNDA:0,(anonymous_44)
FNDA:0,(anonymous_45)
FNDA:0,(anonymous_46)
FNDA:0,(anonymous_47)
FNDA:0,(anonymous_48)
FNDA:0,(anonymous_49)
FNDA:0,(anonymous_50)
FNDA:0,(anonymous_51)
FNDA:0,(anonymous_52)
FNDA:0,(anonymous_53)
FNDA:0,(anonymous_54)
FNDA:0,(anonymous_55)
FNDA:0,(anonymous_56)
DA:1,0
DA:4,0
DA:10,0
DA:13,0
DA:14,0
DA:15,0
DA:16,0
DA:17,0
DA:18,0
DA:21,0
DA:29,0
DA:31,0
DA:32,0
DA:34,0
DA:35,0
DA:37,0
DA:38,0
DA:40,0
DA:47,0
DA:48,0
DA:49,0
DA:56,0
DA:57,0
DA:62,0
DA:67,0
DA:68,0
DA:70,0
DA:71,0
DA:73,0
DA:80,0
DA:81,0
DA:83,0
DA:90,0
DA:91,0
DA:92,0
DA:94,0
DA:95,0
DA:96,0
DA:98,0
DA:105,0
DA:112,0
DA:119,0
DA:126,0
DA:127,0
DA:134,0
DA:141,0
DA:148,0
DA:149,0
DA:150,0
DA:157,0
DA:158,0
DA:159,0
DA:164,0
DA:169,0
DA:181,0
DA:188,0
DA:189,0
DA:196,0
DA:203,0
DA:208,0
DA:213,0
DA:220,0
DA:221,0
DA:222,0
DA:224,0
DA:231,0
DA:238,0
DA:245,0
DA:252,0
DA:253,0
DA:260,0
DA:261,0
DA:262,0
DA:267,0
DA:272,0
DA:273,0
DA:280,0
DA:287,0
DA:294,0
DA:301,0
DA:308,0
DA:313,0
DA:318,0
DA:319,0
DA:320,0
DA:322,0
DA:336,0
DA:343,0
DA:344,0
DA:346,0
DA:351,0
DA:356,0
DA:363,0
DA:365,0
DA:366,0
DA:367,0
DA:371,0
DA:378,0
DA:380,0
DA:381,0
DA:382,0
DA:386,0
DA:393,0
DA:395,0
DA:396,0
DA:399,0
DA:404,0
DA:409,0
DA:416,0
DA:418,0
DA:419,0
DA:422,0
DA:429,0
DA:430,0
DA:431,0
DA:432,0
DA:434,0
DA:435,0
DA:443,0
DA:450,0
DA:455,0
DA:460,0
DA:467,0
DA:472,0
DA:477,0
DA:484,0
DA:485,0
DA:486,0
DA:487,0
DA:494,0
DA:496,0
DA:499,0
DA:501,0
DA:502,0
DA:503,0
DA:507,0
DA:512,0
DA:517,0
DA:518,0
DA:524,0
DA:525,0
DA:529,0
DA:536,0
DA:537,0
DA:538,0
DA:540,0
DA:542,0
DA:543,0
DA:548,0
LF:149
LH:0
BRDA:13,0,0,0
BRDA:13,0,1,0
BRDA:15,1,0,0
BRDA:15,1,1,0
BRDA:17,2,0,0
BRDA:17,3,0,0
BRDA:17,3,1,0
BRDA:29,4,0,0
BRDA:32,5,0,0
BRDA:35,6,0,0
BRDA:38,7,0,0
BRDA:105,8,0,0
BRDA:105,8,1,0
BRDA:168,9,0,0
BRDA:189,10,0,0
BRDA:189,10,1,0
BRDA:196,11,0,0
BRDA:196,11,1,0
BRDA:196,11,2,0
BRDA:219,12,0,0
BRDA:245,13,0,0
BRDA:245,13,1,0
BRDA:252,14,0,0
BRDA:259,15,0,0
BRDA:260,16,0,0
BRDA:343,17,0,0
BRDA:343,17,1,0
BRDA:344,18,0,0
BRDA:344,18,1,0
BRDA:366,19,0,0
BRDA:366,20,0,0
BRDA:366,20,1,0
BRDA:381,21,0,0
BRDA:431,22,0,0
BRDA:450,23,0,0
BRDA:450,23,1,0
BRDA:484,24,0,0
BRDA:485,25,0,0
BRDA:486,26,0,0
BRDA:494,27,0,0
BRDA:502,28,0,0
BRDA:518,29,0,0
BRDA:518,29,1,0
BRDA:531,30,0,0
BRDA:532,31,0,0
BRDA:542,32,0,0
BRF:46
BRH:0
end_of_record
TN:
SF:src\utils\logger.ts
FN:13,(anonymous_1)
FN:41,(anonymous_2)
FN:52,(anonymous_3)
FN:99,parseSize
FN:115,(anonymous_5)
FN:128,(anonymous_6)
FN:150,(anonymous_7)
FN:164,(anonymous_8)
FN:181,(anonymous_9)
FN:193,(anonymous_10)
FN:211,(anonymous_11)
FN:231,(anonymous_12)
FNF:12
FNH:0
FNDA:0,(anonymous_1)
FNDA:0,(anonymous_2)
FNDA:0,(anonymous_3)
FNDA:0,parseSize
FNDA:0,(anonymous_5)
FNDA:0,(anonymous_6)
FNDA:0,(anonymous_7)
FNDA:0,(anonymous_8)
FNDA:0,(anonymous_9)
FNDA:0,(anonymous_10)
FNDA:0,(anonymous_11)
FNDA:0,(anonymous_12)
DA:1,0
DA:2,0
DA:5,0
DA:14,0
DA:24,0
DA:34,0
DA:35,0
DA:36,0
DA:42,0
DA:44,0
DA:45,0
DA:46,0
DA:49,0
DA:50,0
DA:51,0
DA:52,0
DA:54,0
DA:57,0
DA:65,0
DA:66,0
DA:67,0
DA:81,0
DA:82,0
DA:96,0
DA:100,0
DA:101,0
DA:103,0
DA:104,0
DA:106,0
DA:107,0
DA:108,0
DA:109,0
DA:110,0
DA:115,0
DA:125,0
DA:128,0
DA:138,0
DA:144,0
DA:150,0
DA:156,0
DA:164,0
DA:174,0
DA:181,0
DA:185,0
DA:193,0
DA:202,0
DA:211,0
DA:221,0
DA:231,0
DA:244,0
DA:246,0
DA:257,0
DA:259,0
DA:260,0
DA:264,0
LF:55
LH:0
BRDA:34,0,0,0
BRDA:44,1,0,0
BRDA:45,2,0,0
BRDA:46,3,0,0
BRDA:50,4,0,0
BRDA:65,5,0,0
BRDA:65,6,0,0
BRDA:65,6,1,0
BRDA:101,7,0,0
BRDA:104,8,0,0
BRDA:104,8,1,0
BRDA:106,9,0,0
BRDA:106,9,1,0
BRDA:106,9,2,0
BRDA:106,9,3,0
BRDA:118,10,0,0
BRDA:131,11,0,0
BRDA:138,12,0,0
BRDA:138,12,1,0
BRDA:153,13,0,0
BRDA:183,14,0,0
BRDA:196,15,0,0
BRDA:215,16,0,0
BRDA:236,17,0,0
BRDA:244,18,0,0
BRDA:244,18,1,0
BRDA:257,19,0,0
BRDA:259,20,0,0
BRF:28
BRH:0
end_of_record
TN:
SF:src\utils\query.utils.ts
FN:1,normalizeFilterQuery
FN:15,(anonymous_1)
FN:26,(anonymous_2)
FN:27,(anonymous_3)
FN:38,parseQueryValue
FN:40,(anonymous_5)
FNF:6
FNH:0
FNDA:0,normalizeFilterQuery
FNDA:0,(anonymous_1)
FNDA:0,(anonymous_2)
FNDA:0,(anonymous_3)
FNDA:0,parseQueryValue
FNDA:0,(anonymous_5)
DA:1,0
DA:4,0
DA:5,0
DA:8,0
DA:10,0
DA:11,0
DA:12,0
DA:15,0
DA:16,0
DA:18,0
DA:19,0
DA:25,0
DA:26,0
DA:27,0
DA:29,0
DA:32,0
DA:35,0
DA:39,0
DA:40,0
DA:43,0
DA:44,0
DA:47,0
DA:49,0
DA:50,0
DA:53,0
DA:54,0
DA:57,0
DA:58,0
DA:61,0
LF:29
LH:0
BRDA:4,0,0,0
BRDA:4,1,0,0
BRDA:4,1,1,0
BRDA:11,2,0,0
BRDA:11,3,0,0
BRDA:11,3,1,0
BRDA:11,3,2,0
BRDA:18,4,0,0
BRDA:19,5,0,0
BRDA:19,5,1,0
BRDA:21,6,0,0
BRDA:21,6,1,0
BRDA:26,7,0,0
BRDA:26,7,1,0
BRDA:39,8,0,0
BRDA:43,9,0,0
BRDA:49,10,0,0
BRDA:53,11,0,0
BRDA:57,12,0,0
BRF:19
BRH:0
end_of_record
TN:
SF:src\validators\auth.validator.ts
FN:24,(anonymous_1)
FN:63,(anonymous_2)
FN:94,(anonymous_3)
FN:114,(anonymous_4)
FN:138,(anonymous_5)
FN:158,(anonymous_6)
FN:175,(anonymous_7)
FN:194,(anonymous_8)
FN:214,(anonymous_9)
FN:240,(anonymous_10)
FNF:10
FNH:0
FNDA:0,(anonymous_1)
FNDA:0,(anonymous_2)
FNDA:0,(anonymous_3)
FNDA:0,(anonymous_4)
FNDA:0,(anonymous_5)
FNDA:0,(anonymous_6)
FNDA:0,(anonymous_7)
FNDA:0,(anonymous_8)
FNDA:0,(anonymous_9)
FNDA:0,(anonymous_10)
DA:7,0
DA:8,0
DA:9,0
DA:25,0
DA:64,0
DA:95,0
DA:115,0
DA:139,0
DA:159,0
DA:176,0
DA:195,0
DA:215,0
DA:241,0
DA:261,0
DA:275,0
DA:276,0
DA:277,0
DA:278,0
DA:279,0
DA:280,0
DA:281,0
DA:282,0
DA:283,0
DA:284,0
LF:24
LH:0
BRF:0
BRH:0
end_of_record
TN:
SF:src\validators\base.validator.ts
FN:30,(anonymous_1)
FN:37,(anonymous_2)
FN:60,(anonymous_3)
FN:86,(anonymous_4)
FN:87,(anonymous_5)
FN:97,(anonymous_6)
FN:111,(anonymous_7)
FN:125,(anonymous_8)
FN:273,(anonymous_9)
FNF:9
FNH:0
FNDA:0,(anonymous_1)
FNDA:0,(anonymous_2)
FNDA:0,(anonymous_3)
FNDA:0,(anonymous_4)
FNDA:0,(anonymous_5)
FNDA:0,(anonymous_6)
FNDA:0,(anonymous_7)
FNDA:0,(anonymous_8)
FNDA:0,(anonymous_9)
DA:7,0
DA:8,0
DA:9,0
DA:27,0
DA:31,0
DA:38,0
DA:43,0
DA:44,0
DA:45,0
DA:46,0
DA:52,0
DA:61,0
DA:62,0
DA:67,0
DA:71,0
DA:72,0
DA:73,0
DA:74,0
DA:79,0
DA:87,0
DA:98,0
DA:99,0
DA:100,0
DA:112,0
DA:113,0
DA:114,0
DA:126,0
DA:131,0
DA:132,0
DA:138,0
DA:148,0
DA:273,0
LF:32
LH:0
BRDA:43,0,0,0
BRDA:71,1,0,0
BRDA:99,2,0,0
BRDA:113,3,0,0
BRDA:131,4,0,0
BRF:5
BRH:0
end_of_record
TN:
SF:src\validators\onboarding.validator.ts
FN:94,(anonymous_1)
FN:125,(anonymous_2)
FN:127,(anonymous_3)
FN:128,(anonymous_4)
FN:129,(anonymous_5)
FN:200,(anonymous_6)
FN:222,(anonymous_7)
FNF:7
FNH:0
FNDA:0,(anonymous_1)
FNDA:0,(anonymous_2)
FNDA:0,(anonymous_3)
FNDA:0,(anonymous_4)
FNDA:0,(anonymous_5)
FNDA:0,(anonymous_6)
FNDA:0,(anonymous_7)
DA:7,0
DA:8,0
DA:11,0
DA:27,0
DA:41,0
DA:95,0
DA:127,0
DA:128,0
DA:129,0
DA:130,0
DA:132,0
DA:133,0
DA:138,0
DA:145,0
DA:201,0
DA:223,0
DA:234,0
DA:241,0
DA:242,0
DA:243,0
LF:20
LH:0
BRDA:132,0,0,0
BRF:1
BRH:0
end_of_record
